{"/home/travis/build/npmtest/node-npmtest-chromedriver/test.js":{"path":"/home/travis/build/npmtest/node-npmtest-chromedriver/test.js","s":{"1":2,"2":2,"3":2,"4":2,"5":2,"6":2,"7":2,"8":1,"9":2,"10":2,"11":1,"12":1,"13":1,"14":1,"15":2,"16":2,"17":2,"18":2,"19":1,"20":1,"21":2,"22":2,"23":2,"24":1,"25":1,"26":1,"27":1,"28":1,"29":1,"30":1,"31":1,"32":1,"33":1,"34":1,"35":1,"36":1,"37":1,"38":1,"39":2,"40":2,"41":1,"42":2,"43":2,"44":1,"45":2,"46":2,"47":1,"48":2,"49":2,"50":1,"51":1,"52":1,"53":1,"54":1},"b":{"1":[2,1,1,1],"2":[1,1,1,1],"3":[1,1],"4":[1,1],"5":[1,1],"6":[1,1],"7":[1,1],"8":[1,1],"9":[1,1],"10":[1,1,1],"11":[1,1],"12":[1,1],"13":[1,1],"14":[1,1],"15":[1,1],"16":[1,1],"17":[1,1]},"f":{"1":2,"2":2,"3":2,"4":2,"5":2,"6":1,"7":1,"8":1,"9":2,"10":2,"11":2,"12":2,"13":1},"fnMap":{"1":{"name":"(anonymous_1)","line":12,"loc":{"start":{"line":12,"column":1},"end":{"line":12,"column":13}}},"2":{"name":"(anonymous_2)","line":19,"loc":{"start":{"line":19,"column":5},"end":{"line":19,"column":17}}},"3":{"name":"(anonymous_3)","line":23,"loc":{"start":{"line":23,"column":24},"end":{"line":23,"column":36}}},"4":{"name":"(anonymous_4)","line":61,"loc":{"start":{"line":61,"column":5},"end":{"line":61,"column":17}}},"5":{"name":"(anonymous_5)","line":82,"loc":{"start":{"line":82,"column":5},"end":{"line":82,"column":17}}},"6":{"name":"(anonymous_6)","line":91,"loc":{"start":{"line":91,"column":77},"end":{"line":94,"column":10}}},"7":{"name":"(anonymous_7)","line":112,"loc":{"start":{"line":112,"column":83},"end":{"line":115,"column":10}},"skip":true},"8":{"name":"(anonymous_8)","line":123,"loc":{"start":{"line":123,"column":77},"end":{"line":126,"column":10}},"skip":true},"9":{"name":"(anonymous_9)","line":139,"loc":{"start":{"line":139,"column":12},"end":{"line":139,"column":40}},"skip":true},"10":{"name":"(anonymous_10)","line":147,"loc":{"start":{"line":147,"column":77},"end":{"line":150,"column":10}},"skip":true},"11":{"name":"(anonymous_11)","line":158,"loc":{"start":{"line":158,"column":83},"end":{"line":161,"column":10}},"skip":true},"12":{"name":"(anonymous_12)","line":169,"loc":{"start":{"line":169,"column":79},"end":{"line":172,"column":10}},"skip":true},"13":{"name":"(anonymous_13)","line":180,"loc":{"start":{"line":180,"column":75},"end":{"line":183,"column":10}},"skip":true}},"statementMap":{"1":{"start":{"line":12,"column":0},"end":{"line":195,"column":5}},"2":{"start":{"line":14,"column":4},"end":{"line":14,"column":14}},"3":{"start":{"line":19,"column":4},"end":{"line":56,"column":9}},"4":{"start":{"line":21,"column":8},"end":{"line":21,"column":19}},"5":{"start":{"line":23,"column":8},"end":{"line":35,"column":13}},"6":{"start":{"line":24,"column":12},"end":{"line":34,"column":13}},"7":{"start":{"line":25,"column":16},"end":{"line":28,"column":30}},"8":{"start":{"line":30,"column":16},"end":{"line":33,"column":27}},"9":{"start":{"line":37,"column":8},"end":{"line":39,"column":21}},"10":{"start":{"line":40,"column":8},"end":{"line":53,"column":9}},"11":{"start":{"line":43,"column":12},"end":{"line":46,"column":14}},"12":{"start":{"line":47,"column":12},"end":{"line":47,"column":18}},"13":{"start":{"line":50,"column":12},"end":{"line":51,"column":46}},"14":{"start":{"line":52,"column":12},"end":{"line":52,"column":18}},"15":{"start":{"line":55,"column":8},"end":{"line":55,"column":35}},"16":{"start":{"line":61,"column":4},"end":{"line":63,"column":9}},"17":{"start":{"line":62,"column":8},"end":{"line":62,"column":15}},"18":{"start":{"line":64,"column":4},"end":{"line":77,"column":5}},"19":{"start":{"line":70,"column":8},"end":{"line":70,"column":14}},"20":{"start":{"line":76,"column":8},"end":{"line":76,"column":14}},"21":{"start":{"line":82,"column":4},"end":{"line":84,"column":9}},"22":{"start":{"line":83,"column":8},"end":{"line":83,"column":15}},"23":{"start":{"line":85,"column":4},"end":{"line":194,"column":5}},"24":{"start":{"line":91,"column":8},"end":{"line":99,"column":10}},"25":{"start":{"line":98,"column":12},"end":{"line":98,"column":35}},"26":{"start":{"line":102,"column":8},"end":{"line":104,"column":63}},"27":{"start":{"line":105,"column":8},"end":{"line":105,"column":14}},"28":{"start":{"line":112,"column":8},"end":{"line":121,"column":10},"skip":true},"29":{"start":{"line":119,"column":12},"end":{"line":119,"column":55},"skip":true},"30":{"start":{"line":120,"column":12},"end":{"line":120,"column":48},"skip":true},"31":{"start":{"line":123,"column":8},"end":{"line":136,"column":10},"skip":true},"32":{"start":{"line":130,"column":12},"end":{"line":130,"column":76},"skip":true},"33":{"start":{"line":131,"column":12},"end":{"line":131,"column":73},"skip":true},"34":{"start":{"line":132,"column":12},"end":{"line":132,"column":74},"skip":true},"35":{"start":{"line":133,"column":12},"end":{"line":133,"column":79},"skip":true},"36":{"start":{"line":134,"column":12},"end":{"line":134,"column":25},"skip":true},"37":{"start":{"line":135,"column":12},"end":{"line":135,"column":45},"skip":true},"38":{"start":{"line":138,"column":8},"end":{"line":145,"column":14},"skip":true},"39":{"start":{"line":143,"column":16},"end":{"line":143,"column":29},"skip":true},"40":{"start":{"line":144,"column":16},"end":{"line":144,"column":55},"skip":true},"41":{"start":{"line":147,"column":8},"end":{"line":156,"column":10},"skip":true},"42":{"start":{"line":154,"column":12},"end":{"line":154,"column":25},"skip":true},"43":{"start":{"line":155,"column":12},"end":{"line":155,"column":45},"skip":true},"44":{"start":{"line":158,"column":8},"end":{"line":167,"column":10},"skip":true},"45":{"start":{"line":165,"column":12},"end":{"line":165,"column":25},"skip":true},"46":{"start":{"line":166,"column":12},"end":{"line":166,"column":48},"skip":true},"47":{"start":{"line":169,"column":8},"end":{"line":178,"column":10},"skip":true},"48":{"start":{"line":176,"column":12},"end":{"line":176,"column":25},"skip":true},"49":{"start":{"line":177,"column":12},"end":{"line":177,"column":46},"skip":true},"50":{"start":{"line":180,"column":8},"end":{"line":189,"column":10},"skip":true},"51":{"start":{"line":187,"column":12},"end":{"line":187,"column":94},"skip":true},"52":{"start":{"line":188,"column":12},"end":{"line":188,"column":48},"skip":true},"53":{"start":{"line":192,"column":8},"end":{"line":192,"column":35},"skip":true},"54":{"start":{"line":193,"column":8},"end":{"line":193,"column":14},"skip":true}},"branchMap":{"1":{"line":25,"type":"binary-expr","locations":[{"start":{"line":25,"column":23},"end":{"line":25,"column":62}},{"start":{"line":26,"column":20},"end":{"line":26,"column":70}},{"start":{"line":27,"column":20},"end":{"line":27,"column":71}},{"start":{"line":28,"column":20},"end":{"line":28,"column":29}}]},"2":{"line":30,"type":"binary-expr","locations":[{"start":{"line":30,"column":23},"end":{"line":30,"column":37}},{"start":{"line":31,"column":20},"end":{"line":31,"column":61}},{"start":{"line":32,"column":20},"end":{"line":32,"column":70}},{"start":{"line":33,"column":20},"end":{"line":33,"column":26}}]},"3":{"line":37,"type":"cond-expr","locations":[{"start":{"line":38,"column":14},"end":{"line":38,"column":20}},{"start":{"line":39,"column":14},"end":{"line":39,"column":20}}]},"4":{"line":40,"type":"switch","locations":[{"start":{"line":42,"column":8},"end":{"line":47,"column":18}},{"start":{"line":49,"column":8},"end":{"line":52,"column":18}}]},"5":{"line":44,"type":"binary-expr","locations":[{"start":{"line":44,"column":16},"end":{"line":44,"column":44}},{"start":{"line":44,"column":48},"end":{"line":44,"column":66}}]},"6":{"line":50,"type":"binary-expr","locations":[{"start":{"line":50,"column":21},"end":{"line":50,"column":49}},{"start":{"line":50,"column":53},"end":{"line":50,"column":72}}]},"7":{"line":64,"type":"switch","locations":[{"start":{"line":69,"column":4},"end":{"line":70,"column":14}},{"start":{"line":75,"column":4},"end":{"line":76,"column":14}}]},"8":{"line":85,"type":"switch","locations":[{"start":{"line":90,"column":4},"end":{"line":105,"column":14}},{"start":{"line":111,"column":4},"end":{"line":193,"column":14},"skip":true}]},"9":{"line":91,"type":"binary-expr","locations":[{"start":{"line":91,"column":42},"end":{"line":91,"column":73}},{"start":{"line":91,"column":77},"end":{"line":99,"column":9}}]},"10":{"line":102,"type":"binary-expr","locations":[{"start":{"line":102,"column":18},"end":{"line":102,"column":32}},{"start":{"line":103,"column":12},"end":{"line":103,"column":53}},{"start":{"line":104,"column":12},"end":{"line":104,"column":61}}]},"11":{"line":112,"type":"binary-expr","locations":[{"start":{"line":112,"column":45},"end":{"line":112,"column":79},"skip":true},{"start":{"line":112,"column":83},"end":{"line":121,"column":9},"skip":true}]},"12":{"line":123,"type":"binary-expr","locations":[{"start":{"line":123,"column":42},"end":{"line":123,"column":73},"skip":true},{"start":{"line":123,"column":77},"end":{"line":136,"column":9},"skip":true}]},"13":{"line":138,"type":"binary-expr","locations":[{"start":{"line":138,"column":48},"end":{"line":138,"column":85},"skip":true},{"start":{"line":139,"column":12},"end":{"line":145,"column":13},"skip":true}]},"14":{"line":147,"type":"binary-expr","locations":[{"start":{"line":147,"column":42},"end":{"line":147,"column":73},"skip":true},{"start":{"line":147,"column":77},"end":{"line":156,"column":9},"skip":true}]},"15":{"line":158,"type":"binary-expr","locations":[{"start":{"line":158,"column":45},"end":{"line":158,"column":79},"skip":true},{"start":{"line":158,"column":83},"end":{"line":167,"column":9},"skip":true}]},"16":{"line":169,"type":"binary-expr","locations":[{"start":{"line":169,"column":43},"end":{"line":169,"column":75},"skip":true},{"start":{"line":169,"column":79},"end":{"line":178,"column":9},"skip":true}]},"17":{"line":180,"type":"binary-expr","locations":[{"start":{"line":180,"column":41},"end":{"line":180,"column":71},"skip":true},{"start":{"line":180,"column":75},"end":{"line":189,"column":9},"skip":true}]}},"code":["/* istanbul instrument in package npmtest_chromedriver */","/*jslint","    bitwise: true,","    browser: true,","    maxerr: 8,","    maxlen: 96,","    node: true,","    nomen: true,","    regexp: true,","    stupid: true","*/","(function () {","    'use strict';","    var local;","","","","    // run shared js-env code - pre-init","    (function () {","        // init local","        local = {};","        // init modeJs","        local.modeJs = (function () {","            try {","                return typeof navigator.userAgent === 'string' &&","                    typeof document.querySelector('body') === 'object' &&","                    typeof XMLHttpRequest.prototype.open === 'function' &&","                    'browser';","            } catch (errorCaughtBrowser) {","                return module.exports &&","                    typeof process.versions.node === 'string' &&","                    typeof require('http').createServer === 'function' &&","                    'node';","            }","        }());","        // init global","        local.global = local.modeJs === 'browser'","            ? window","            : global;","        switch (local.modeJs) {","        // re-init local from window.local","        case 'browser':","            local = local.global.utility2.objectSetDefault(","                local.global.utility2_rollup || local.global.local,","                local.global.utility2","            );","            break;","        // re-init local from example.js","        case 'node':","            local = (local.global.utility2_rollup || require('utility2'))","                .requireExampleJsFromReadme();","            break;","        }","        // export local","        local.global.local = local;","    }());","","","","    // run shared js-env code - function","    (function () {","        return;","    }());","    switch (local.modeJs) {","","","","    // run browser js-env code - function","    case 'browser':","        break;","","","","    // run node js-env code - function","    case 'node':","        break;","    }","","","","    // run shared js-env code - post-init","    (function () {","        return;","    }());","    switch (local.modeJs) {","","","","    // run browser js-env code - post-init","    case 'browser':","        local.testCase_browser_nullCase = local.testCase_browser_nullCase || function (","            options,","            onError","        ) {","        /*","         * this function will test browsers's null-case handling-behavior-behavior","         */","            onError(null, options);","        };","","        // run tests","        local.nop(local.modeTest &&","            document.querySelector('#testRunButton1') &&","            document.querySelector('#testRunButton1').click());","        break;","","","","    // run node js-env code - post-init","    /* istanbul ignore next */","    case 'node':","        local.testCase_buildApidoc_default = local.testCase_buildApidoc_default || function (","            options,","            onError","        ) {","        /*","         * this function will test buildApidoc's default handling-behavior-behavior","         */","            options = { modulePathList: module.paths };","            local.buildApidoc(options, onError);","        };","","        local.testCase_buildApp_default = local.testCase_buildApp_default || function (","            options,","            onError","        ) {","        /*","         * this function will test buildApp's default handling-behavior-behavior","         */","            local.testCase_buildReadme_default(options, local.onErrorThrow);","            local.testCase_buildLib_default(options, local.onErrorThrow);","            local.testCase_buildTest_default(options, local.onErrorThrow);","            local.testCase_buildCustomOrg_default(options, local.onErrorThrow);","            options = [];","            local.buildApp(options, onError);","        };","","        local.testCase_buildCustomOrg_default = local.testCase_buildCustomOrg_default ||","            function (options, onError) {","            /*","             * this function will test buildCustomOrg's default handling-behavior","             */","                options = {};","                local.buildCustomOrg(options, onError);","            };","","        local.testCase_buildLib_default = local.testCase_buildLib_default || function (","            options,","            onError","        ) {","        /*","         * this function will test buildLib's default handling-behavior","         */","            options = {};","            local.buildLib(options, onError);","        };","","        local.testCase_buildReadme_default = local.testCase_buildReadme_default || function (","            options,","            onError","        ) {","        /*","         * this function will test buildReadme's default handling-behavior-behavior","         */","            options = {};","            local.buildReadme(options, onError);","        };","","        local.testCase_buildTest_default = local.testCase_buildTest_default || function (","            options,","            onError","        ) {","        /*","         * this function will test buildTest's default handling-behavior","         */","            options = {};","            local.buildTest(options, onError);","        };","","        local.testCase_webpage_default = local.testCase_webpage_default || function (","            options,","            onError","        ) {","        /*","         * this function will test webpage's default handling-behavior","         */","            options = { modeCoverageMerge: true, url: local.serverLocalHost + '?modeTest=1' };","            local.browserTest(options, onError);","        };","","        // run test-server","        local.testRunServer(local);","        break;","    }","}());",""],"l":{"12":2,"14":2,"19":2,"21":2,"23":2,"24":2,"25":2,"30":1,"37":2,"40":2,"43":1,"47":1,"50":1,"52":1,"55":2,"61":2,"62":2,"64":2,"70":1,"76":1,"82":2,"83":2,"85":2,"91":1,"98":1,"102":1,"105":1,"112":1,"119":1,"120":1,"123":1,"130":1,"131":1,"132":1,"133":1,"134":1,"135":1,"138":1,"143":2,"144":2,"147":1,"154":2,"155":2,"158":1,"165":2,"166":2,"169":1,"176":2,"177":2,"180":1,"187":1,"188":1,"192":1,"193":1}},"/home/travis/build/npmtest/node-npmtest-chromedriver/lib.npmtest_chromedriver.js":{"path":"/home/travis/build/npmtest/node-npmtest-chromedriver/lib.npmtest_chromedriver.js","s":{"1":2,"2":2,"3":2,"4":2,"5":2,"6":2,"7":2,"8":1,"9":2,"10":2,"11":2,"12":2,"13":1,"14":1,"15":1,"16":1},"b":{"1":[2,1,1,1],"2":[1,1,1,1],"3":[1,1],"4":[2,2],"5":[1,1]},"f":{"1":2,"2":2,"3":2},"fnMap":{"1":{"name":"(anonymous_1)","line":12,"loc":{"start":{"line":12,"column":1},"end":{"line":12,"column":13}}},"2":{"name":"(anonymous_2)","line":19,"loc":{"start":{"line":19,"column":5},"end":{"line":19,"column":17}}},"3":{"name":"(anonymous_3)","line":23,"loc":{"start":{"line":23,"column":24},"end":{"line":23,"column":36}}}},"statementMap":{"1":{"start":{"line":12,"column":0},"end":{"line":53,"column":5}},"2":{"start":{"line":14,"column":4},"end":{"line":14,"column":14}},"3":{"start":{"line":19,"column":4},"end":{"line":52,"column":9}},"4":{"start":{"line":21,"column":8},"end":{"line":21,"column":19}},"5":{"start":{"line":23,"column":8},"end":{"line":35,"column":13}},"6":{"start":{"line":24,"column":12},"end":{"line":34,"column":13}},"7":{"start":{"line":25,"column":16},"end":{"line":28,"column":30}},"8":{"start":{"line":30,"column":16},"end":{"line":33,"column":27}},"9":{"start":{"line":37,"column":8},"end":{"line":39,"column":21}},"10":{"start":{"line":41,"column":8},"end":{"line":41,"column":54}},"11":{"start":{"line":43,"column":8},"end":{"line":43,"column":57}},"12":{"start":{"line":45,"column":8},"end":{"line":51,"column":9}},"13":{"start":{"line":46,"column":12},"end":{"line":46,"column":63}},"14":{"start":{"line":48,"column":12},"end":{"line":48,"column":35}},"15":{"start":{"line":49,"column":12},"end":{"line":49,"column":49}},"16":{"start":{"line":50,"column":12},"end":{"line":50,"column":43}}},"branchMap":{"1":{"line":25,"type":"binary-expr","locations":[{"start":{"line":25,"column":23},"end":{"line":25,"column":62}},{"start":{"line":26,"column":20},"end":{"line":26,"column":70}},{"start":{"line":27,"column":20},"end":{"line":27,"column":71}},{"start":{"line":28,"column":20},"end":{"line":28,"column":29}}]},"2":{"line":30,"type":"binary-expr","locations":[{"start":{"line":30,"column":23},"end":{"line":30,"column":37}},{"start":{"line":31,"column":20},"end":{"line":31,"column":61}},{"start":{"line":32,"column":20},"end":{"line":32,"column":70}},{"start":{"line":33,"column":20},"end":{"line":33,"column":26}}]},"3":{"line":37,"type":"cond-expr","locations":[{"start":{"line":38,"column":14},"end":{"line":38,"column":20}},{"start":{"line":39,"column":14},"end":{"line":39,"column":20}}]},"4":{"line":41,"type":"binary-expr","locations":[{"start":{"line":41,"column":16},"end":{"line":41,"column":44}},{"start":{"line":41,"column":48},"end":{"line":41,"column":53}}]},"5":{"line":45,"type":"if","locations":[{"start":{"line":45,"column":8},"end":{"line":45,"column":8}},{"start":{"line":45,"column":8},"end":{"line":45,"column":8}}]}},"code":["/* istanbul instrument in package npmtest_chromedriver */","/*jslint","    bitwise: true,","    browser: true,","    maxerr: 8,","    maxlen: 96,","    node: true,","    nomen: true,","    regexp: true,","    stupid: true","*/","(function () {","    'use strict';","    var local;","","","","    // run shared js-env code - pre-init","    (function () {","        // init local","        local = {};","        // init modeJs","        local.modeJs = (function () {","            try {","                return typeof navigator.userAgent === 'string' &&","                    typeof document.querySelector('body') === 'object' &&","                    typeof XMLHttpRequest.prototype.open === 'function' &&","                    'browser';","            } catch (errorCaughtBrowser) {","                return module.exports &&","                    typeof process.versions.node === 'string' &&","                    typeof require('http').createServer === 'function' &&","                    'node';","            }","        }());","        // init global","        local.global = local.modeJs === 'browser'","            ? window","            : global;","        // init utility2_rollup","        local = local.global.utility2_rollup || local;","        // init lib","        local.local = local.npmtest_chromedriver = local;","        // init exports","        if (local.modeJs === 'browser') {","            local.global.utility2_npmtest_chromedriver = local;","        } else {","            module.exports = local;","            module.exports.__dirname = __dirname;","            module.exports.module = module;","        }","    }());","}());",""],"l":{"12":2,"14":2,"19":2,"21":2,"23":2,"24":2,"25":2,"30":1,"37":2,"41":2,"43":2,"45":2,"46":1,"48":1,"49":1,"50":1}},"/home/travis/build/npmtest/node-npmtest-chromedriver/example.js":{"path":"/home/travis/build/npmtest/node-npmtest-chromedriver/example.js","s":{"1":2,"2":2,"3":2,"4":2,"5":2,"6":2,"7":2,"8":1,"9":2,"10":2,"11":2,"12":2,"13":1,"14":2,"15":2,"16":2,"17":2,"18":2,"19":0,"20":2,"21":1,"22":1,"23":1,"24":1,"25":1,"26":0,"27":0,"28":1,"29":1,"30":2,"31":0,"32":0,"33":0,"34":1,"35":2,"36":2,"37":3,"38":3,"39":3,"40":3,"41":0,"42":3,"43":3,"44":3,"45":1,"46":3,"47":1,"48":1,"49":1,"50":1,"51":1,"52":1,"53":1,"54":1,"55":1,"56":1,"57":0,"58":1,"59":6,"60":6,"61":1,"62":2,"63":0,"64":2,"65":1,"66":1,"67":0,"68":0,"69":0,"70":0,"71":0,"72":0,"73":0,"74":0,"75":0,"76":0,"77":0,"78":0,"79":0,"80":0,"81":0,"82":0,"83":0},"b":{"1":[2,1,1,1],"2":[1,1,1,1],"3":[1,1],"4":[2,2],"5":[1,1],"6":[1,1],"7":[2,0],"8":[2,1,1,1,1,1],"9":[0,2,0],"10":[1,1],"11":[2,1,1],"12":[1,0],"13":[0,2],"14":[2,0,0,0,0,0,0],"15":[0,3],"16":[3,0],"17":[1,1],"18":[0,1],"19":[1,2,0,2],"20":[1,0],"21":[1,1],"22":[0,0],"23":[0,0],"24":[0,0],"25":[0,0],"26":[0,0],"27":[0,0],"28":[0,0]},"f":{"1":2,"2":2,"3":2,"4":2,"5":2,"6":2,"7":3,"8":3,"9":3,"10":1,"11":6,"12":0},"fnMap":{"1":{"name":"(anonymous_1)","line":26,"loc":{"start":{"line":26,"column":1},"end":{"line":26,"column":13}}},"2":{"name":"(anonymous_2)","line":33,"loc":{"start":{"line":33,"column":5},"end":{"line":33,"column":17}}},"3":{"name":"(anonymous_3)","line":37,"loc":{"start":{"line":37,"column":24},"end":{"line":37,"column":36}}},"4":{"name":"(anonymous_4)","line":69,"loc":{"start":{"line":69,"column":31},"end":{"line":69,"column":48}},"skip":true},"5":{"name":"(anonymous_5)","line":78,"loc":{"start":{"line":78,"column":26},"end":{"line":78,"column":45}},"skip":true},"6":{"name":"(anonymous_6)","line":123,"loc":{"start":{"line":123,"column":33},"end":{"line":123,"column":48}},"skip":true},"7":{"name":"(anonymous_7)","line":125,"loc":{"start":{"line":125,"column":27},"end":{"line":125,"column":39}},"skip":true},"8":{"name":"(anonymous_8)","line":133,"loc":{"start":{"line":133,"column":59},"end":{"line":133,"column":74}},"skip":true},"9":{"name":"(anonymous_9)","line":143,"loc":{"start":{"line":143,"column":45},"end":{"line":143,"column":62}},"skip":true},"10":{"name":"(anonymous_10)","line":144,"loc":{"start":{"line":144,"column":73},"end":{"line":144,"column":92}},"skip":true},"11":{"name":"(anonymous_11)","line":272,"loc":{"start":{"line":272,"column":51},"end":{"line":272,"column":77}},"skip":true},"12":{"name":"(anonymous_12)","line":315,"loc":{"start":{"line":315,"column":32},"end":{"line":315,"column":61}},"skip":true}},"statementMap":{"1":{"start":{"line":26,"column":0},"end":{"line":326,"column":5}},"2":{"start":{"line":28,"column":4},"end":{"line":28,"column":14}},"3":{"start":{"line":33,"column":4},"end":{"line":60,"column":9}},"4":{"start":{"line":35,"column":8},"end":{"line":35,"column":19}},"5":{"start":{"line":37,"column":8},"end":{"line":49,"column":13}},"6":{"start":{"line":38,"column":12},"end":{"line":48,"column":13}},"7":{"start":{"line":39,"column":16},"end":{"line":42,"column":30}},"8":{"start":{"line":44,"column":16},"end":{"line":47,"column":27}},"9":{"start":{"line":51,"column":8},"end":{"line":53,"column":21}},"10":{"start":{"line":55,"column":8},"end":{"line":57,"column":45}},"11":{"start":{"line":59,"column":8},"end":{"line":59,"column":35}},"12":{"start":{"line":61,"column":4},"end":{"line":325,"column":5}},"13":{"start":{"line":69,"column":8},"end":{"line":121,"column":10},"skip":true},"14":{"start":{"line":70,"column":12},"end":{"line":88,"column":13},"skip":true},"15":{"start":{"line":76,"column":16},"end":{"line":87,"column":19},"skip":true},"16":{"start":{"line":79,"column":20},"end":{"line":86,"column":21},"skip":true},"17":{"start":{"line":82,"column":24},"end":{"line":82,"column":43},"skip":true},"18":{"start":{"line":83,"column":24},"end":{"line":83,"column":30},"skip":true},"19":{"start":{"line":85,"column":24},"end":{"line":85,"column":49},"skip":true},"20":{"start":{"line":89,"column":12},"end":{"line":107,"column":13},"skip":true},"21":{"start":{"line":92,"column":16},"end":{"line":102,"column":17},"skip":true},"22":{"start":{"line":93,"column":20},"end":{"line":93,"column":86},"skip":true},"23":{"start":{"line":94,"column":20},"end":{"line":95,"column":45},"skip":true},"24":{"start":{"line":96,"column":20},"end":{"line":96,"column":42},"skip":true},"25":{"start":{"line":97,"column":20},"end":{"line":97,"column":48},"skip":true},"26":{"start":{"line":100,"column":20},"end":{"line":100,"column":85},"skip":true},"27":{"start":{"line":101,"column":20},"end":{"line":101,"column":96},"skip":true},"28":{"start":{"line":103,"column":16},"end":{"line":103,"column":22},"skip":true},"29":{"start":{"line":106,"column":16},"end":{"line":106,"column":22},"skip":true},"30":{"start":{"line":108,"column":12},"end":{"line":120,"column":13},"skip":true},"31":{"start":{"line":114,"column":16},"end":{"line":119,"column":17},"skip":true},"32":{"start":{"line":116,"column":20},"end":{"line":116,"column":78},"skip":true},"33":{"start":{"line":118,"column":20},"end":{"line":118,"column":47},"skip":true},"34":{"start":{"line":123,"column":8},"end":{"line":141,"column":11},"skip":true},"35":{"start":{"line":124,"column":12},"end":{"line":124,"column":54},"skip":true},"36":{"start":{"line":125,"column":12},"end":{"line":140,"column":14},"skip":true},"37":{"start":{"line":126,"column":16},"end":{"line":126,"column":28},"skip":true},"38":{"start":{"line":127,"column":16},"end":{"line":127,"column":69},"skip":true},"39":{"start":{"line":128,"column":16},"end":{"line":128,"column":75},"skip":true},"40":{"start":{"line":129,"column":16},"end":{"line":131,"column":17},"skip":true},"41":{"start":{"line":130,"column":20},"end":{"line":130,"column":27},"skip":true},"42":{"start":{"line":133,"column":16},"end":{"line":137,"column":36},"skip":true},"43":{"start":{"line":134,"column":20},"end":{"line":136,"column":55},"skip":true},"44":{"start":{"line":139,"column":16},"end":{"line":139,"column":57},"skip":true},"45":{"start":{"line":143,"column":8},"end":{"line":147,"column":11},"skip":true},"46":{"start":{"line":144,"column":12},"end":{"line":146,"column":15},"skip":true},"47":{"start":{"line":145,"column":16},"end":{"line":145,"column":70},"skip":true},"48":{"start":{"line":149,"column":8},"end":{"line":149,"column":31},"skip":true},"49":{"start":{"line":150,"column":8},"end":{"line":150,"column":14},"skip":true},"50":{"start":{"line":158,"column":8},"end":{"line":158,"column":31},"skip":true},"51":{"start":{"line":160,"column":8},"end":{"line":160,"column":33},"skip":true},"52":{"start":{"line":161,"column":8},"end":{"line":161,"column":37},"skip":true},"53":{"start":{"line":162,"column":8},"end":{"line":162,"column":35},"skip":true},"54":{"start":{"line":164,"column":8},"end":{"line":164,"column":50},"skip":true},"55":{"start":{"line":166,"column":8},"end":{"line":256,"column":2},"skip":true},"56":{"start":{"line":258,"column":8},"end":{"line":286,"column":9},"skip":true},"57":{"start":{"line":259,"column":12},"end":{"line":269,"column":14},"skip":true},"58":{"start":{"line":271,"column":12},"end":{"line":285,"column":19},"skip":true},"59":{"start":{"line":274,"column":20},"end":{"line":274,"column":35},"skip":true},"60":{"start":{"line":275,"column":20},"end":{"line":284,"column":21},"skip":true},"61":{"start":{"line":277,"column":24},"end":{"line":277,"column":64},"skip":true},"62":{"start":{"line":279,"column":24},"end":{"line":279,"column":40},"skip":true},"63":{"start":{"line":281,"column":24},"end":{"line":281,"column":40},"skip":true},"64":{"start":{"line":283,"column":24},"end":{"line":283,"column":39},"skip":true},"65":{"start":{"line":288,"column":8},"end":{"line":290,"column":9},"skip":true},"66":{"start":{"line":289,"column":12},"end":{"line":289,"column":18},"skip":true},"67":{"start":{"line":291,"column":8},"end":{"line":293,"column":54},"skip":true},"68":{"start":{"line":296,"column":8},"end":{"line":301,"column":37},"skip":true},"69":{"start":{"line":303,"column":8},"end":{"line":303,"column":82},"skip":true},"70":{"start":{"line":306,"column":8},"end":{"line":308,"column":9},"skip":true},"71":{"start":{"line":307,"column":12},"end":{"line":307,"column":82},"skip":true},"72":{"start":{"line":310,"column":8},"end":{"line":312,"column":9},"skip":true},"73":{"start":{"line":311,"column":12},"end":{"line":311,"column":18},"skip":true},"74":{"start":{"line":313,"column":8},"end":{"line":313,"column":54},"skip":true},"75":{"start":{"line":314,"column":8},"end":{"line":314,"column":69},"skip":true},"76":{"start":{"line":315,"column":8},"end":{"line":323,"column":36},"skip":true},"77":{"start":{"line":316,"column":12},"end":{"line":316,"column":61},"skip":true},"78":{"start":{"line":317,"column":12},"end":{"line":320,"column":13},"skip":true},"79":{"start":{"line":318,"column":16},"end":{"line":318,"column":75},"skip":true},"80":{"start":{"line":319,"column":16},"end":{"line":319,"column":23},"skip":true},"81":{"start":{"line":321,"column":12},"end":{"line":321,"column":38},"skip":true},"82":{"start":{"line":322,"column":12},"end":{"line":322,"column":27},"skip":true},"83":{"start":{"line":324,"column":8},"end":{"line":324,"column":14},"skip":true}},"branchMap":{"1":{"line":39,"type":"binary-expr","locations":[{"start":{"line":39,"column":23},"end":{"line":39,"column":62}},{"start":{"line":40,"column":20},"end":{"line":40,"column":70}},{"start":{"line":41,"column":20},"end":{"line":41,"column":71}},{"start":{"line":42,"column":20},"end":{"line":42,"column":29}}]},"2":{"line":44,"type":"binary-expr","locations":[{"start":{"line":44,"column":23},"end":{"line":44,"column":37}},{"start":{"line":45,"column":20},"end":{"line":45,"column":61}},{"start":{"line":46,"column":20},"end":{"line":46,"column":70}},{"start":{"line":47,"column":20},"end":{"line":47,"column":26}}]},"3":{"line":51,"type":"cond-expr","locations":[{"start":{"line":52,"column":14},"end":{"line":52,"column":20}},{"start":{"line":53,"column":14},"end":{"line":53,"column":20}}]},"4":{"line":55,"type":"binary-expr","locations":[{"start":{"line":55,"column":16},"end":{"line":55,"column":44}},{"start":{"line":55,"column":49},"end":{"line":57,"column":43}}]},"5":{"line":55,"type":"cond-expr","locations":[{"start":{"line":56,"column":14},"end":{"line":56,"column":56}},{"start":{"line":57,"column":14},"end":{"line":57,"column":43}}]},"6":{"line":61,"type":"switch","locations":[{"start":{"line":68,"column":4},"end":{"line":150,"column":14},"skip":true},{"start":{"line":156,"column":4},"end":{"line":324,"column":14},"skip":true}]},"7":{"line":70,"type":"if","locations":[{"start":{"line":70,"column":12},"end":{"line":70,"column":12},"skip":true},{"start":{"line":70,"column":12},"end":{"line":70,"column":12},"skip":true}]},"8":{"line":70,"type":"binary-expr","locations":[{"start":{"line":70,"column":16},"end":{"line":70,"column":22},"skip":true},{"start":{"line":70,"column":27},"end":{"line":70,"column":32},"skip":true},{"start":{"line":71,"column":20},"end":{"line":71,"column":39},"skip":true},{"start":{"line":72,"column":20},"end":{"line":72,"column":49},"skip":true},{"start":{"line":73,"column":20},"end":{"line":73,"column":58},"skip":true},{"start":{"line":74,"column":20},"end":{"line":74,"column":69},"skip":true}]},"9":{"line":79,"type":"switch","locations":[{"start":{"line":80,"column":20},"end":{"line":80,"column":33},"skip":true},{"start":{"line":81,"column":20},"end":{"line":83,"column":30},"skip":true},{"start":{"line":84,"column":20},"end":{"line":85,"column":49},"skip":true}]},"10":{"line":89,"type":"switch","locations":[{"start":{"line":90,"column":12},"end":{"line":103,"column":22},"skip":true},{"start":{"line":105,"column":12},"end":{"line":106,"column":22},"skip":true}]},"11":{"line":89,"type":"binary-expr","locations":[{"start":{"line":89,"column":20},"end":{"line":89,"column":25},"skip":true},{"start":{"line":89,"column":29},"end":{"line":89,"column":48},"skip":true},{"start":{"line":89,"column":52},"end":{"line":89,"column":74},"skip":true}]},"12":{"line":92,"type":"if","locations":[{"start":{"line":92,"column":16},"end":{"line":92,"column":16},"skip":true},{"start":{"line":92,"column":16},"end":{"line":92,"column":16},"skip":true}]},"13":{"line":108,"type":"if","locations":[{"start":{"line":108,"column":12},"end":{"line":108,"column":12},"skip":true},{"start":{"line":108,"column":12},"end":{"line":108,"column":12},"skip":true}]},"14":{"line":108,"type":"binary-expr","locations":[{"start":{"line":108,"column":16},"end":{"line":108,"column":61},"skip":true},{"start":{"line":108,"column":66},"end":{"line":108,"column":72},"skip":true},{"start":{"line":108,"column":77},"end":{"line":108,"column":82},"skip":true},{"start":{"line":109,"column":20},"end":{"line":109,"column":39},"skip":true},{"start":{"line":110,"column":20},"end":{"line":110,"column":49},"skip":true},{"start":{"line":111,"column":20},"end":{"line":111,"column":58},"skip":true},{"start":{"line":112,"column":20},"end":{"line":112,"column":68},"skip":true}]},"15":{"line":129,"type":"if","locations":[{"start":{"line":129,"column":16},"end":{"line":129,"column":16},"skip":true},{"start":{"line":129,"column":16},"end":{"line":129,"column":16},"skip":true}]},"16":{"line":134,"type":"cond-expr","locations":[{"start":{"line":135,"column":26},"end":{"line":135,"column":29},"skip":true},{"start":{"line":136,"column":26},"end":{"line":136,"column":54},"skip":true}]},"17":{"line":164,"type":"binary-expr","locations":[{"start":{"line":164,"column":27},"end":{"line":164,"column":43},"skip":true},{"start":{"line":164,"column":47},"end":{"line":164,"column":49},"skip":true}]},"18":{"line":258,"type":"if","locations":[{"start":{"line":258,"column":8},"end":{"line":258,"column":8},"skip":true},{"start":{"line":258,"column":8},"end":{"line":258,"column":8},"skip":true}]},"19":{"line":275,"type":"switch","locations":[{"start":{"line":276,"column":20},"end":{"line":277,"column":64},"skip":true},{"start":{"line":278,"column":20},"end":{"line":279,"column":40},"skip":true},{"start":{"line":280,"column":20},"end":{"line":281,"column":40},"skip":true},{"start":{"line":282,"column":20},"end":{"line":283,"column":39},"skip":true}]},"20":{"line":288,"type":"if","locations":[{"start":{"line":288,"column":8},"end":{"line":288,"column":8},"skip":true},{"start":{"line":288,"column":8},"end":{"line":288,"column":8},"skip":true}]},"21":{"line":288,"type":"binary-expr","locations":[{"start":{"line":288,"column":12},"end":{"line":288,"column":40},"skip":true},{"start":{"line":288,"column":44},"end":{"line":288,"column":67},"skip":true}]},"22":{"line":292,"type":"binary-expr","locations":[{"start":{"line":292,"column":12},"end":{"line":292,"column":50},"skip":true},{"start":{"line":293,"column":12},"end":{"line":293,"column":53},"skip":true}]},"23":{"line":297,"type":"binary-expr","locations":[{"start":{"line":297,"column":12},"end":{"line":297,"column":70},"skip":true},{"start":{"line":298,"column":12},"end":{"line":301,"column":36},"skip":true}]},"24":{"line":303,"type":"binary-expr","locations":[{"start":{"line":303,"column":43},"end":{"line":303,"column":75},"skip":true},{"start":{"line":303,"column":79},"end":{"line":303,"column":81},"skip":true}]},"25":{"line":306,"type":"if","locations":[{"start":{"line":306,"column":8},"end":{"line":306,"column":8},"skip":true},{"start":{"line":306,"column":8},"end":{"line":306,"column":8},"skip":true}]},"26":{"line":310,"type":"if","locations":[{"start":{"line":310,"column":8},"end":{"line":310,"column":8},"skip":true},{"start":{"line":310,"column":8},"end":{"line":310,"column":8},"skip":true}]},"27":{"line":313,"type":"binary-expr","locations":[{"start":{"line":313,"column":27},"end":{"line":313,"column":43},"skip":true},{"start":{"line":313,"column":47},"end":{"line":313,"column":53},"skip":true}]},"28":{"line":317,"type":"if","locations":[{"start":{"line":317,"column":12},"end":{"line":317,"column":12},"skip":true},{"start":{"line":317,"column":12},"end":{"line":317,"column":12},"skip":true}]}},"code":["/*","example.js","","quickstart example","","instruction","    1. save this script as example.js","    2. run the shell command:","        $ npm install npmtest-chromedriver && PORT=8081 node example.js","    3. play with the browser-demo on http://127.0.0.1:8081","*/","","","","/* istanbul instrument in package npmtest_chromedriver */","/*jslint","    bitwise: true,","    browser: true,","    maxerr: 8,","    maxlen: 96,","    node: true,","    nomen: true,","    regexp: true,","    stupid: true","*/","(function () {","    'use strict';","    var local;","","","","    // run shared js-env code - pre-init","    (function () {","        // init local","        local = {};","        // init modeJs","        local.modeJs = (function () {","            try {","                return typeof navigator.userAgent === 'string' &&","                    typeof document.querySelector('body') === 'object' &&","                    typeof XMLHttpRequest.prototype.open === 'function' &&","                    'browser';","            } catch (errorCaughtBrowser) {","                return module.exports &&","                    typeof process.versions.node === 'string' &&","                    typeof require('http').createServer === 'function' &&","                    'node';","            }","        }());","        // init global","        local.global = local.modeJs === 'browser'","            ? window","            : global;","        // init utility2_rollup","        local = local.global.utility2_rollup || (local.modeJs === 'browser'","            ? local.global.utility2_npmtest_chromedriver","            : global.utility2_moduleExports);","        // export local","        local.global.local = local;","    }());","    switch (local.modeJs) {","","","","    // post-init","    // run browser js-env code - post-init","    /* istanbul ignore next */","    case 'browser':","        local.testRunBrowser = function (event) {","            if (!event || (event &&","                    event.currentTarget &&","                    event.currentTarget.className &&","                    event.currentTarget.className.includes &&","                    event.currentTarget.className.includes('onreset'))) {","                // reset output","                Array.from(","                    document.querySelectorAll('body > .resettable')","                ).forEach(function (element) {","                    switch (element.tagName) {","                    case 'INPUT':","                    case 'TEXTAREA':","                        element.value = '';","                        break;","                    default:","                        element.textContent = '';","                    }","                });","            }","            switch (event && event.currentTarget && event.currentTarget.id) {","            case 'testRunButton1':","                // show tests","                if (document.querySelector('#testReportDiv1').style.display === 'none') {","                    document.querySelector('#testReportDiv1').style.display = 'block';","                    document.querySelector('#testRunButton1').textContent =","                        'hide internal test';","                    local.modeTest = true;","                    local.testRunDefault(local);","                // hide tests","                } else {","                    document.querySelector('#testReportDiv1').style.display = 'none';","                    document.querySelector('#testRunButton1').textContent = 'run internal test';","                }","                break;","            // custom-case","            default:","                break;","            }","            if (document.querySelector('#inputTextareaEval1') && (!event || (event &&","                    event.currentTarget &&","                    event.currentTarget.className &&","                    event.currentTarget.className.includes &&","                    event.currentTarget.className.includes('oneval')))) {","                // try to eval input-code","                try {","                    /*jslint evil: true*/","                    eval(document.querySelector('#inputTextareaEval1').value);","                } catch (errorCaught) {","                    console.error(errorCaught);","                }","            }","        };","        // log stderr and stdout to #outputTextareaStdout1","        ['error', 'log'].forEach(function (key) {","            console[key + '_original'] = console[key];","            console[key] = function () {","                var element;","                console[key + '_original'].apply(console, arguments);","                element = document.querySelector('#outputTextareaStdout1');","                if (!element) {","                    return;","                }","                // append text to #outputTextareaStdout1","                element.value += Array.from(arguments).map(function (arg) {","                    return typeof arg === 'string'","                        ? arg","                        : JSON.stringify(arg, null, 4);","                }).join(' ') + '\\n';","                // scroll textarea to bottom","                element.scrollTop = element.scrollHeight;","            };","        });","        // init event-handling","        ['change', 'click', 'keyup'].forEach(function (event) {","            Array.from(document.querySelectorAll('.on' + event)).forEach(function (element) {","                element.addEventListener(event, local.testRunBrowser);","            });","        });","        // run tests","        local.testRunBrowser();","        break;","","","","    // run node js-env code - post-init","    /* istanbul ignore next */","    case 'node':","        // export local","        module.exports = local;","        // require modules","        local.fs = require('fs');","        local.http = require('http');","        local.url = require('url');","        // init assets","        local.assetsDict = local.assetsDict || {};","        /* jslint-ignore-begin */","        local.assetsDict['/assets.index.template.html'] = '\\","<!doctype html>\\n\\","<html lang=\"en\">\\n\\","<head>\\n\\","<meta charset=\"UTF-8\">\\n\\","<meta name=\"viewport\" content=\"width=device-width, initial-scale=1\">\\n\\","<title>{{env.npm_package_name}} (v{{env.npm_package_version}})</title>\\n\\","<style>\\n\\","/*csslint\\n\\","    box-sizing: false,\\n\\","    universal-selector: false\\n\\","*/\\n\\","* {\\n\\","    box-sizing: border-box;\\n\\","}\\n\\","body {\\n\\","    background: #dde;\\n\\","    font-family: Arial, Helvetica, sans-serif;\\n\\","    margin: 2rem;\\n\\","}\\n\\","body > * {\\n\\","    margin-bottom: 1rem;\\n\\","}\\n\\",".utility2FooterDiv {\\n\\","    margin-top: 20px;\\n\\","    text-align: center;\\n\\","}\\n\\","</style>\\n\\","<style>\\n\\","/*csslint\\n\\","*/\\n\\","textarea {\\n\\","    font-family: monospace;\\n\\","    height: 10rem;\\n\\","    width: 100%;\\n\\","}\\n\\","textarea[readonly] {\\n\\","    background: #ddd;\\n\\","}\\n\\","</style>\\n\\","</head>\\n\\","<body>\\n\\","<!-- utility2-comment\\n\\","<div id=\"ajaxProgressDiv1\" style=\"background: #d00; height: 2px; left: 0; margin: 0; padding: 0; position: fixed; top: 0; transition: background 0.5s, width 1.5s; width: 25%;\"></div>\\n\\","utility2-comment -->\\n\\","<h1>\\n\\","<!-- utility2-comment\\n\\","    <a\\n\\","        {{#if env.npm_package_homepage}}\\n\\","        href=\"{{env.npm_package_homepage}}\"\\n\\","        {{/if env.npm_package_homepage}}\\n\\","        target=\"_blank\"\\n\\","    >\\n\\","utility2-comment -->\\n\\","        {{env.npm_package_name}} (v{{env.npm_package_version}})\\n\\","<!-- utility2-comment\\n\\","    </a>\\n\\","utility2-comment -->\\n\\","</h1>\\n\\","<h3>{{env.npm_package_description}}</h3>\\n\\","<!-- utility2-comment\\n\\","<h4><a download href=\"assets.app.js\">download standalone app</a></h4>\\n\\","<button class=\"onclick onreset\" id=\"testRunButton1\">run internal test</button><br>\\n\\","<div id=\"testReportDiv1\" style=\"display: none;\"></div>\\n\\","utility2-comment -->\\n\\","\\n\\","\\n\\","\\n\\","<label>stderr and stdout</label>\\n\\","<textarea class=\"resettable\" id=\"outputTextareaStdout1\" readonly></textarea>\\n\\","<!-- utility2-comment\\n\\","{{#if isRollup}}\\n\\","<script src=\"assets.app.js\"></script>\\n\\","{{#unless isRollup}}\\n\\","utility2-comment -->\\n\\","<script src=\"assets.utility2.rollup.js\"></script>\\n\\","<script src=\"jsonp.utility2._stateInit?callback=window.utility2._stateInit\"></script>\\n\\","<script src=\"assets.npmtest_chromedriver.rollup.js\"></script>\\n\\","<script src=\"assets.example.js\"></script>\\n\\","<script src=\"assets.test.js\"></script>\\n\\","<!-- utility2-comment\\n\\","{{/if isRollup}}\\n\\","utility2-comment -->\\n\\","<div class=\"utility2FooterDiv\">\\n\\","    [ this app was created with\\n\\","    <a href=\"https://github.com/kaizhu256/node-utility2\" target=\"_blank\">utility2</a>\\n\\","    ]\\n\\","</div>\\n\\","</body>\\n\\","</html>\\n\\","';","        /* jslint-ignore-end */","        if (local.templateRender) {","            local.assetsDict['/'] = local.templateRender(","                local.assetsDict['/assets.index.template.html'],","                {","                    env: local.objectSetDefault(local.env, {","                        npm_package_description: 'the greatest app in the world!',","                        npm_package_name: 'my-app',","                        npm_package_nameAlias: 'my_app',","                        npm_package_version: '0.0.1'","                    })","                }","            );","        } else {","            local.assetsDict['/'] = local.assetsDict['/assets.index.template.html']","                .replace((/\\{\\{env\\.(\\w+?)\\}\\}/g), function (match0, match1) {","                    // jslint-hack","                    String(match0);","                    switch (match1) {","                    case 'npm_package_description':","                        return 'the greatest app in the world!';","                    case 'npm_package_name':","                        return 'my-app';","                    case 'npm_package_nameAlias':","                        return 'my_app';","                    case 'npm_package_version':","                        return '0.0.1';","                    }","                });","        }","        // run the cli","        if (local.global.utility2_rollup || module !== require.main) {","            break;","        }","        local.assetsDict['/assets.example.js'] =","            local.assetsDict['/assets.example.js'] ||","            local.fs.readFileSync(__filename, 'utf8');","        // bug-workaround - long $npm_package_buildCustomOrg","        /* jslint-ignore-begin */","        local.assetsDict['/assets.npmtest_chromedriver.rollup.js'] =","            local.assetsDict['/assets.npmtest_chromedriver.rollup.js'] ||","            local.fs.readFileSync(","                local.npmtest_chromedriver.__dirname + '/lib.npmtest_chromedriver.js',","                'utf8'","            ).replace((/^#!/), '//');","        /* jslint-ignore-end */","        local.assetsDict['/favicon.ico'] = local.assetsDict['/favicon.ico'] || '';","        // if $npm_config_timeout_exit exists,","        // then exit this process after $npm_config_timeout_exit ms","        if (Number(process.env.npm_config_timeout_exit)) {","            setTimeout(process.exit, Number(process.env.npm_config_timeout_exit));","        }","        // start server","        if (local.global.utility2_serverHttp1) {","            break;","        }","        process.env.PORT = process.env.PORT || '8081';","        console.error('server starting on port ' + process.env.PORT);","        local.http.createServer(function (request, response) {","            request.urlParsed = local.url.parse(request.url);","            if (local.assetsDict[request.urlParsed.pathname] !== undefined) {","                response.end(local.assetsDict[request.urlParsed.pathname]);","                return;","            }","            response.statusCode = 404;","            response.end();","        }).listen(process.env.PORT);","        break;","    }","}());",""],"l":{"26":2,"28":2,"33":2,"35":2,"37":2,"38":2,"39":2,"44":1,"51":2,"55":2,"59":2,"61":2,"69":1,"70":2,"76":2,"79":2,"82":2,"83":2,"85":1,"89":2,"92":1,"93":1,"94":1,"96":1,"97":1,"100":1,"101":1,"103":1,"106":1,"108":2,"114":1,"116":1,"118":1,"123":1,"124":2,"125":2,"126":3,"127":3,"128":3,"129":3,"130":1,"133":3,"134":3,"139":3,"143":1,"144":3,"145":1,"149":1,"150":1,"158":1,"160":1,"161":1,"162":1,"164":1,"166":1,"258":1,"259":1,"271":1,"274":6,"275":6,"277":1,"279":2,"281":1,"283":2,"288":1,"289":1,"291":1,"296":1,"303":1,"306":1,"307":1,"310":1,"311":1,"313":1,"314":1,"315":1,"316":1,"317":1,"318":1,"319":1,"321":1,"322":1,"324":1}},"/home/travis/build/npmtest/node-npmtest-chromedriver/node_modules/chromedriver/lib/chromedriver.js":{"path":"/home/travis/build/npmtest/node-npmtest-chromedriver/node_modules/chromedriver/lib/chromedriver.js","s":{"1":1,"2":1,"3":1,"4":1,"5":1,"6":0,"7":0,"8":1,"9":0,"10":0},"b":{"1":[0,1],"2":[0,0]},"f":{"1":0,"2":0},"fnMap":{"1":{"name":"(anonymous_1)","line":5,"loc":{"start":{"line":5,"column":16},"end":{"line":5,"column":31}}},"2":{"name":"(anonymous_2)","line":9,"loc":{"start":{"line":9,"column":15},"end":{"line":9,"column":27}}}},"statementMap":{"1":{"start":{"line":1,"column":0},"end":{"line":1,"column":27}},"2":{"start":{"line":2,"column":0},"end":{"line":2,"column":74}},"3":{"start":{"line":3,"column":0},"end":{"line":3,"column":158}},"4":{"start":{"line":4,"column":0},"end":{"line":4,"column":25}},"5":{"start":{"line":5,"column":0},"end":{"line":8,"column":2}},"6":{"start":{"line":6,"column":2},"end":{"line":6,"column":82}},"7":{"start":{"line":7,"column":2},"end":{"line":7,"column":33}},"8":{"start":{"line":9,"column":0},"end":{"line":13,"column":2}},"9":{"start":{"line":10,"column":2},"end":{"line":12,"column":3}},"10":{"start":{"line":11,"column":4},"end":{"line":11,"column":35}}},"branchMap":{"1":{"line":3,"type":"cond-expr","locations":[{"start":{"line":3,"column":46},"end":{"line":3,"column":102}},{"start":{"line":3,"column":105},"end":{"line":3,"column":157}}]},"2":{"line":10,"type":"if","locations":[{"start":{"line":10,"column":2},"end":{"line":10,"column":2}},{"start":{"line":10,"column":2},"end":{"line":10,"column":2}}]}},"code":["var path = require('path');","process.env.PATH += path.delimiter + path.join(__dirname, 'chromedriver');","exports.path = process.platform === 'win32' ? path.join(__dirname, 'chromedriver', 'chromedriver.exe') : path.join(__dirname, 'chromedriver', 'chromedriver');","exports.version = '2.29';","exports.start = function(args) {","  exports.defaultInstance = require('child_process').execFile(exports.path, args);","  return exports.defaultInstance;","};","exports.stop = function () {","  if (exports.defaultInstance != null){","    exports.defaultInstance.kill();","  }","};"],"l":{"1":1,"2":1,"3":1,"4":1,"5":1,"6":0,"7":0,"9":1,"10":0,"11":0}},"/home/travis/build/npmtest/node-npmtest-chromedriver/node_modules/chromedriver/install.js":{"path":"/home/travis/build/npmtest/node-npmtest-chromedriver/node_modules/chromedriver/install.js","s":{"1":1,"2":1,"3":1,"4":1,"5":1,"6":1,"7":1,"8":1,"9":1,"10":1,"11":1,"12":1,"13":1,"14":1,"15":1,"16":1,"17":1,"18":1,"19":1,"20":1,"21":1,"22":0,"23":0,"24":0,"25":0,"26":0,"27":0,"28":0,"29":0,"30":0,"31":0,"32":0,"33":0,"34":0,"35":1,"36":1,"37":1,"38":1,"39":1,"40":0,"41":1,"42":1,"43":0,"44":0,"45":1,"46":1,"47":1,"48":1,"49":1,"50":1,"51":1,"52":1,"53":1,"54":1,"55":1,"56":0,"57":0,"58":1,"59":1,"60":1,"61":1,"62":1,"63":0,"64":1,"65":1,"66":1,"67":1,"68":1,"69":1,"70":1,"71":0,"72":0,"73":0,"74":1,"75":1,"76":1,"77":1,"78":0,"79":0,"80":0,"81":0,"82":0,"83":0,"84":1,"85":1,"86":1,"87":1,"88":0,"89":0,"90":0,"91":0,"92":0,"93":1,"94":0,"95":0,"96":0,"97":1,"98":1,"99":0,"100":0,"101":0,"102":0,"103":0,"104":0,"105":0,"106":0,"107":0,"108":0,"109":0,"110":0,"111":0,"112":0,"113":1,"114":1,"115":1,"116":1,"117":1,"118":1,"119":1,"120":1,"121":1,"122":1,"123":913,"124":913,"125":913,"126":4,"127":4,"128":1,"129":1,"130":1,"131":1,"132":0,"133":0,"134":1,"135":1,"136":1,"137":1,"138":1,"139":1,"140":1,"141":0,"142":0,"143":0,"144":1,"145":1,"146":1,"147":1,"148":1,"149":1,"150":1,"151":1,"152":1,"153":0,"154":1,"155":1,"156":1,"157":1,"158":1,"159":1,"160":1,"161":2,"162":2,"163":2,"164":2,"165":2,"166":2,"167":2,"168":2,"169":2,"170":1,"171":1,"172":1,"173":1,"174":1,"175":1,"176":1},"b":{"1":[1,1,1],"2":[1,1],"3":[1,1,1],"4":[1,0],"5":[1,0],"6":[0,0],"7":[0,0],"8":[0,0],"9":[0,0],"10":[0,0],"11":[0,1],"12":[0,1],"13":[1,1,1],"14":[0,1],"15":[1,0],"16":[0,0],"17":[0,1],"18":[0,0],"19":[0,1],"20":[1,1],"21":[0,0],"22":[0,0],"23":[0,1],"24":[0,0],"25":[1,0],"26":[4,909],"27":[1,1],"28":[1,0],"29":[0,1],"30":[1,1,1,0],"31":[1,0],"32":[1,0]},"f":{"1":1,"2":1,"3":1,"4":1,"5":1,"6":1,"7":0,"8":1,"9":1,"10":0,"11":0,"12":0,"13":0,"14":1,"15":1,"16":913,"17":1,"18":1,"19":1,"20":1,"21":1,"22":2,"23":2,"24":1},"fnMap":{"1":{"name":"(anonymous_1)","line":53,"loc":{"start":{"line":53,"column":23},"end":{"line":53,"column":35}}},"2":{"name":"(anonymous_2)","line":59,"loc":{"start":{"line":59,"column":23},"end":{"line":59,"column":35}}},"3":{"name":"(anonymous_3)","line":73,"loc":{"start":{"line":73,"column":13},"end":{"line":73,"column":25}}},"4":{"name":"(anonymous_4)","line":76,"loc":{"start":{"line":76,"column":8},"end":{"line":76,"column":20}}},"5":{"name":"(anonymous_5)","line":79,"loc":{"start":{"line":79,"column":8},"end":{"line":79,"column":20}}},"6":{"name":"(anonymous_6)","line":82,"loc":{"start":{"line":82,"column":8},"end":{"line":82,"column":20}}},"7":{"name":"(anonymous_7)","line":85,"loc":{"start":{"line":85,"column":8},"end":{"line":85,"column":23}}},"8":{"name":"findSuitableTempDirectory","line":91,"loc":{"start":{"line":91,"column":0},"end":{"line":91,"column":37}}},"9":{"name":"getRequestOptions","line":118,"loc":{"start":{"line":118,"column":0},"end":{"line":118,"column":41}}},"10":{"name":"getLatestVersion","line":168,"loc":{"start":{"line":168,"column":0},"end":{"line":168,"column":42}}},"11":{"name":"(anonymous_11)","line":170,"loc":{"start":{"line":170,"column":35},"end":{"line":170,"column":55}}},"12":{"name":"(anonymous_12)","line":173,"loc":{"start":{"line":173,"column":35},"end":{"line":173,"column":51}}},"13":{"name":"(anonymous_13)","line":176,"loc":{"start":{"line":176,"column":34},"end":{"line":176,"column":46}}},"14":{"name":"requestBinary","line":192,"loc":{"start":{"line":192,"column":0},"end":{"line":192,"column":49}}},"15":{"name":"(anonymous_15)","line":199,"loc":{"start":{"line":199,"column":35},"end":{"line":199,"column":55}}},"16":{"name":"(anonymous_16)","line":204,"loc":{"start":{"line":204,"column":35},"end":{"line":204,"column":51}}},"17":{"name":"(anonymous_17)","line":213,"loc":{"start":{"line":213,"column":34},"end":{"line":213,"column":46}}},"18":{"name":"get","line":229,"loc":{"start":{"line":229,"column":0},"end":{"line":229,"column":50}}},"19":{"name":"(anonymous_19)","line":232,"loc":{"start":{"line":232,"column":44},"end":{"line":232,"column":64}}},"20":{"name":"extractDownload","line":245,"loc":{"start":{"line":245,"column":0},"end":{"line":245,"column":44}}},"21":{"name":"copyIntoPlace","line":260,"loc":{"start":{"line":260,"column":0},"end":{"line":260,"column":44}}},"22":{"name":"(anonymous_22)","line":267,"loc":{"start":{"line":267,"column":27},"end":{"line":267,"column":43}}},"23":{"name":"(anonymous_23)","line":275,"loc":{"start":{"line":275,"column":23},"end":{"line":275,"column":35}}},"24":{"name":"fixFilePermissions","line":288,"loc":{"start":{"line":288,"column":0},"end":{"line":288,"column":30}}}},"statementMap":{"1":{"start":{"line":3,"column":0},"end":{"line":3,"column":32}},"2":{"start":{"line":4,"column":0},"end":{"line":4,"column":23}},"3":{"start":{"line":5,"column":0},"end":{"line":5,"column":43}},"4":{"start":{"line":6,"column":0},"end":{"line":6,"column":27}},"5":{"start":{"line":7,"column":0},"end":{"line":7,"column":29}},"6":{"start":{"line":8,"column":0},"end":{"line":8,"column":25}},"7":{"start":{"line":9,"column":0},"end":{"line":9,"column":31}},"8":{"start":{"line":10,"column":0},"end":{"line":10,"column":27}},"9":{"start":{"line":11,"column":0},"end":{"line":11,"column":36}},"10":{"start":{"line":12,"column":0},"end":{"line":12,"column":25}},"11":{"start":{"line":13,"column":0},"end":{"line":13,"column":27}},"12":{"start":{"line":15,"column":0},"end":{"line":15,"column":58}},"13":{"start":{"line":16,"column":0},"end":{"line":16,"column":140}},"14":{"start":{"line":17,"column":0},"end":{"line":17,"column":107}},"15":{"start":{"line":20,"column":0},"end":{"line":20,"column":36}},"16":{"start":{"line":21,"column":0},"end":{"line":21,"column":53}},"17":{"start":{"line":22,"column":0},"end":{"line":22,"column":32}},"18":{"start":{"line":24,"column":0},"end":{"line":24,"column":125}},"19":{"start":{"line":25,"column":0},"end":{"line":47,"column":1}},"20":{"start":{"line":26,"column":2},"end":{"line":30,"column":3}},"21":{"start":{"line":27,"column":4},"end":{"line":27,"column":21}},"22":{"start":{"line":29,"column":4},"end":{"line":29,"column":21}},"23":{"start":{"line":31,"column":7},"end":{"line":47,"column":1}},"24":{"start":{"line":32,"column":2},"end":{"line":37,"column":3}},"25":{"start":{"line":33,"column":4},"end":{"line":33,"column":23}},"26":{"start":{"line":35,"column":4},"end":{"line":35,"column":47}},"27":{"start":{"line":36,"column":4},"end":{"line":36,"column":20}},"28":{"start":{"line":38,"column":7},"end":{"line":47,"column":1}},"29":{"start":{"line":39,"column":2},"end":{"line":43,"column":3}},"30":{"start":{"line":40,"column":4},"end":{"line":40,"column":23}},"31":{"start":{"line":42,"column":4},"end":{"line":42,"column":23}},"32":{"start":{"line":44,"column":7},"end":{"line":47,"column":1}},"33":{"start":{"line":45,"column":2},"end":{"line":45,"column":86}},"34":{"start":{"line":46,"column":2},"end":{"line":46,"column":18}},"35":{"start":{"line":49,"column":0},"end":{"line":49,"column":42}},"36":{"start":{"line":50,"column":0},"end":{"line":50,"column":24}},"37":{"start":{"line":51,"column":0},"end":{"line":51,"column":32}},"38":{"start":{"line":53,"column":0},"end":{"line":56,"column":3}},"39":{"start":{"line":54,"column":2},"end":{"line":55,"column":75}},"40":{"start":{"line":55,"column":4},"end":{"line":55,"column":75}},"41":{"start":{"line":59,"column":0},"end":{"line":71,"column":3}},"42":{"start":{"line":60,"column":2},"end":{"line":70,"column":3}},"43":{"start":{"line":61,"column":4},"end":{"line":61,"column":52}},"44":{"start":{"line":62,"column":4},"end":{"line":62,"column":40}},"45":{"start":{"line":64,"column":4},"end":{"line":64,"column":75}},"46":{"start":{"line":65,"column":4},"end":{"line":65,"column":48}},"47":{"start":{"line":66,"column":4},"end":{"line":66,"column":50}},"48":{"start":{"line":67,"column":4},"end":{"line":67,"column":44}},"49":{"start":{"line":68,"column":4},"end":{"line":68,"column":45}},"50":{"start":{"line":69,"column":4},"end":{"line":69,"column":73}},"51":{"start":{"line":73,"column":0},"end":{"line":88,"column":5}},"52":{"start":{"line":74,"column":2},"end":{"line":74,"column":50}},"53":{"start":{"line":77,"column":4},"end":{"line":77,"column":43}},"54":{"start":{"line":80,"column":4},"end":{"line":80,"column":32}},"55":{"start":{"line":83,"column":4},"end":{"line":83,"column":71}},"56":{"start":{"line":86,"column":4},"end":{"line":86,"column":59}},"57":{"start":{"line":87,"column":4},"end":{"line":87,"column":20}},"58":{"start":{"line":91,"column":0},"end":{"line":115,"column":1}},"59":{"start":{"line":92,"column":2},"end":{"line":92,"column":23}},"60":{"start":{"line":93,"column":2},"end":{"line":97,"column":4}},"61":{"start":{"line":99,"column":2},"end":{"line":111,"column":3}},"62":{"start":{"line":100,"column":4},"end":{"line":100,"column":39}},"63":{"start":{"line":100,"column":30},"end":{"line":100,"column":39}},"64":{"start":{"line":101,"column":4},"end":{"line":101,"column":71}},"65":{"start":{"line":102,"column":4},"end":{"line":110,"column":5}},"66":{"start":{"line":103,"column":6},"end":{"line":103,"column":41}},"67":{"start":{"line":104,"column":6},"end":{"line":104,"column":60}},"68":{"start":{"line":105,"column":6},"end":{"line":105,"column":41}},"69":{"start":{"line":106,"column":6},"end":{"line":106,"column":30}},"70":{"start":{"line":107,"column":6},"end":{"line":107,"column":27}},"71":{"start":{"line":109,"column":6},"end":{"line":109,"column":64}},"72":{"start":{"line":113,"column":2},"end":{"line":113,"column":166}},"73":{"start":{"line":114,"column":2},"end":{"line":114,"column":18}},"74":{"start":{"line":118,"column":0},"end":{"line":166,"column":1}},"75":{"start":{"line":119,"column":2},"end":{"line":119,"column":39}},"76":{"start":{"line":120,"column":2},"end":{"line":122,"column":74}},"77":{"start":{"line":123,"column":2},"end":{"line":134,"column":3}},"78":{"start":{"line":124,"column":4},"end":{"line":124,"column":34}},"79":{"start":{"line":125,"column":4},"end":{"line":125,"column":32}},"80":{"start":{"line":126,"column":4},"end":{"line":126,"column":61}},"81":{"start":{"line":128,"column":4},"end":{"line":131,"column":5}},"82":{"start":{"line":129,"column":6},"end":{"line":129,"column":102}},"83":{"start":{"line":130,"column":6},"end":{"line":130,"column":26}},"84":{"start":{"line":133,"column":4},"end":{"line":133,"column":38}},"85":{"start":{"line":136,"column":2},"end":{"line":136,"column":67}},"86":{"start":{"line":139,"column":2},"end":{"line":139,"column":37}},"87":{"start":{"line":140,"column":2},"end":{"line":155,"column":3}},"88":{"start":{"line":141,"column":4},"end":{"line":154,"column":5}},"89":{"start":{"line":142,"column":6},"end":{"line":143,"column":53}},"90":{"start":{"line":148,"column":6},"end":{"line":150,"column":7}},"91":{"start":{"line":149,"column":8},"end":{"line":149,"column":19}},"92":{"start":{"line":153,"column":6},"end":{"line":153,"column":79}},"93":{"start":{"line":157,"column":2},"end":{"line":163,"column":3}},"94":{"start":{"line":158,"column":4},"end":{"line":158,"column":36}},"95":{"start":{"line":159,"column":4},"end":{"line":161,"column":6}},"96":{"start":{"line":162,"column":4},"end":{"line":162,"column":20}},"97":{"start":{"line":165,"column":2},"end":{"line":165,"column":17}},"98":{"start":{"line":168,"column":0},"end":{"line":190,"column":1}},"99":{"start":{"line":169,"column":2},"end":{"line":169,"column":29}},"100":{"start":{"line":170,"column":2},"end":{"line":188,"column":5}},"101":{"start":{"line":171,"column":4},"end":{"line":171,"column":18}},"102":{"start":{"line":172,"column":4},"end":{"line":187,"column":5}},"103":{"start":{"line":173,"column":6},"end":{"line":175,"column":9}},"104":{"start":{"line":174,"column":8},"end":{"line":174,"column":21}},"105":{"start":{"line":176,"column":6},"end":{"line":183,"column":9}},"106":{"start":{"line":177,"column":8},"end":{"line":181,"column":9}},"107":{"start":{"line":178,"column":10},"end":{"line":178,"column":50}},"108":{"start":{"line":180,"column":10},"end":{"line":180,"column":67}},"109":{"start":{"line":182,"column":8},"end":{"line":182,"column":31}},"110":{"start":{"line":185,"column":6},"end":{"line":185,"column":21}},"111":{"start":{"line":186,"column":6},"end":{"line":186,"column":111}},"112":{"start":{"line":189,"column":2},"end":{"line":189,"column":26}},"113":{"start":{"line":192,"column":0},"end":{"line":226,"column":1}},"114":{"start":{"line":193,"column":2},"end":{"line":193,"column":29}},"115":{"start":{"line":195,"column":2},"end":{"line":195,"column":16}},"116":{"start":{"line":196,"column":2},"end":{"line":196,"column":24}},"117":{"start":{"line":197,"column":2},"end":{"line":197,"column":43}},"118":{"start":{"line":199,"column":2},"end":{"line":223,"column":5}},"119":{"start":{"line":200,"column":4},"end":{"line":200,"column":37}},"120":{"start":{"line":201,"column":4},"end":{"line":201,"column":32}},"121":{"start":{"line":203,"column":4},"end":{"line":222,"column":5}},"122":{"start":{"line":204,"column":6},"end":{"line":211,"column":9}},"123":{"start":{"line":205,"column":8},"end":{"line":205,"column":58}},"124":{"start":{"line":206,"column":8},"end":{"line":206,"column":29}},"125":{"start":{"line":207,"column":8},"end":{"line":210,"column":9}},"126":{"start":{"line":208,"column":10},"end":{"line":208,"column":71}},"127":{"start":{"line":209,"column":10},"end":{"line":209,"column":32}},"128":{"start":{"line":213,"column":6},"end":{"line":217,"column":9}},"129":{"start":{"line":214,"column":8},"end":{"line":214,"column":73}},"130":{"start":{"line":215,"column":8},"end":{"line":215,"column":30}},"131":{"start":{"line":216,"column":8},"end":{"line":216,"column":31}},"132":{"start":{"line":220,"column":6},"end":{"line":220,"column":21}},"133":{"start":{"line":221,"column":6},"end":{"line":221,"column":84}},"134":{"start":{"line":225,"column":2},"end":{"line":225,"column":26}},"135":{"start":{"line":229,"column":0},"end":{"line":242,"column":1}},"136":{"start":{"line":230,"column":2},"end":{"line":230,"column":29}},"137":{"start":{"line":231,"column":2},"end":{"line":231,"column":69}},"138":{"start":{"line":232,"column":2},"end":{"line":240,"column":5}},"139":{"start":{"line":233,"column":4},"end":{"line":233,"column":37}},"140":{"start":{"line":234,"column":4},"end":{"line":238,"column":5}},"141":{"start":{"line":235,"column":6},"end":{"line":235,"column":63}},"142":{"start":{"line":236,"column":6},"end":{"line":236,"column":18}},"143":{"start":{"line":237,"column":6},"end":{"line":237,"column":84}},"144":{"start":{"line":239,"column":4},"end":{"line":239,"column":23}},"145":{"start":{"line":241,"column":2},"end":{"line":241,"column":16}},"146":{"start":{"line":245,"column":0},"end":{"line":257,"column":1}},"147":{"start":{"line":246,"column":2},"end":{"line":246,"column":29}},"148":{"start":{"line":248,"column":2},"end":{"line":248,"column":41}},"149":{"start":{"line":249,"column":2},"end":{"line":255,"column":3}},"150":{"start":{"line":250,"column":4},"end":{"line":250,"column":35}},"151":{"start":{"line":251,"column":4},"end":{"line":251,"column":36}},"152":{"start":{"line":252,"column":4},"end":{"line":252,"column":27}},"153":{"start":{"line":254,"column":4},"end":{"line":254,"column":61}},"154":{"start":{"line":256,"column":2},"end":{"line":256,"column":26}},"155":{"start":{"line":260,"column":0},"end":{"line":284,"column":1}},"156":{"start":{"line":261,"column":2},"end":{"line":261,"column":21}},"157":{"start":{"line":262,"column":2},"end":{"line":262,"column":52}},"158":{"start":{"line":263,"column":2},"end":{"line":263,"column":27}},"159":{"start":{"line":266,"column":2},"end":{"line":266,"column":38}},"160":{"start":{"line":267,"column":2},"end":{"line":281,"column":5}},"161":{"start":{"line":268,"column":4},"end":{"line":268,"column":31}},"162":{"start":{"line":270,"column":4},"end":{"line":270,"column":40}},"163":{"start":{"line":271,"column":4},"end":{"line":271,"column":43}},"164":{"start":{"line":273,"column":4},"end":{"line":273,"column":49}},"165":{"start":{"line":274,"column":4},"end":{"line":274,"column":50}},"166":{"start":{"line":275,"column":4},"end":{"line":277,"column":7}},"167":{"start":{"line":276,"column":6},"end":{"line":276,"column":29}},"168":{"start":{"line":279,"column":4},"end":{"line":279,"column":24}},"169":{"start":{"line":280,"column":4},"end":{"line":280,"column":28}},"170":{"start":{"line":283,"column":2},"end":{"line":283,"column":27}},"171":{"start":{"line":288,"column":0},"end":{"line":298,"column":1}},"172":{"start":{"line":290,"column":2},"end":{"line":297,"column":3}},"173":{"start":{"line":291,"column":4},"end":{"line":291,"column":40}},"174":{"start":{"line":293,"column":4},"end":{"line":296,"column":5}},"175":{"start":{"line":294,"column":6},"end":{"line":294,"column":45}},"176":{"start":{"line":295,"column":6},"end":{"line":295,"column":39}}},"branchMap":{"1":{"line":16,"type":"binary-expr","locations":[{"start":{"line":16,"column":13},"end":{"line":16,"column":55}},{"start":{"line":16,"column":59},"end":{"line":16,"column":90}},{"start":{"line":16,"column":94},"end":{"line":16,"column":139}}]},"2":{"line":17,"type":"binary-expr","locations":[{"start":{"line":17,"column":25},"end":{"line":17,"column":69}},{"start":{"line":17,"column":73},"end":{"line":17,"column":106}}]},"3":{"line":24,"type":"binary-expr","locations":[{"start":{"line":24,"column":27},"end":{"line":24,"column":70}},{"start":{"line":24,"column":74},"end":{"line":24,"column":106}},{"start":{"line":24,"column":110},"end":{"line":24,"column":124}}]},"4":{"line":25,"type":"if","locations":[{"start":{"line":25,"column":0},"end":{"line":25,"column":0}},{"start":{"line":25,"column":0},"end":{"line":25,"column":0}}]},"5":{"line":26,"type":"if","locations":[{"start":{"line":26,"column":2},"end":{"line":26,"column":2}},{"start":{"line":26,"column":2},"end":{"line":26,"column":2}}]},"6":{"line":31,"type":"if","locations":[{"start":{"line":31,"column":7},"end":{"line":31,"column":7}},{"start":{"line":31,"column":7},"end":{"line":31,"column":7}}]},"7":{"line":32,"type":"if","locations":[{"start":{"line":32,"column":2},"end":{"line":32,"column":2}},{"start":{"line":32,"column":2},"end":{"line":32,"column":2}}]},"8":{"line":38,"type":"if","locations":[{"start":{"line":38,"column":7},"end":{"line":38,"column":7}},{"start":{"line":38,"column":7},"end":{"line":38,"column":7}}]},"9":{"line":39,"type":"if","locations":[{"start":{"line":39,"column":2},"end":{"line":39,"column":2}},{"start":{"line":39,"column":2},"end":{"line":39,"column":2}}]},"10":{"line":44,"type":"if","locations":[{"start":{"line":44,"column":7},"end":{"line":44,"column":7}},{"start":{"line":44,"column":7},"end":{"line":44,"column":7}}]},"11":{"line":54,"type":"if","locations":[{"start":{"line":54,"column":2},"end":{"line":54,"column":2}},{"start":{"line":54,"column":2},"end":{"line":54,"column":2}}]},"12":{"line":60,"type":"if","locations":[{"start":{"line":60,"column":2},"end":{"line":60,"column":2}},{"start":{"line":60,"column":2},"end":{"line":60,"column":2}}]},"13":{"line":94,"type":"binary-expr","locations":[{"start":{"line":94,"column":4},"end":{"line":94,"column":22}},{"start":{"line":94,"column":26},"end":{"line":94,"column":41}},{"start":{"line":94,"column":45},"end":{"line":94,"column":71}}]},"14":{"line":100,"type":"if","locations":[{"start":{"line":100,"column":4},"end":{"line":100,"column":4}},{"start":{"line":100,"column":4},"end":{"line":100,"column":4}}]},"15":{"line":120,"type":"cond-expr","locations":[{"start":{"line":121,"column":6},"end":{"line":121,"column":40}},{"start":{"line":122,"column":7},"end":{"line":122,"column":72}}]},"16":{"line":122,"type":"binary-expr","locations":[{"start":{"line":122,"column":7},"end":{"line":122,"column":35}},{"start":{"line":122,"column":39},"end":{"line":122,"column":72}}]},"17":{"line":123,"type":"if","locations":[{"start":{"line":123,"column":2},"end":{"line":123,"column":2}},{"start":{"line":123,"column":2},"end":{"line":123,"column":2}}]},"18":{"line":128,"type":"if","locations":[{"start":{"line":128,"column":4},"end":{"line":128,"column":4}},{"start":{"line":128,"column":4},"end":{"line":128,"column":4}}]},"19":{"line":140,"type":"if","locations":[{"start":{"line":140,"column":2},"end":{"line":140,"column":2}},{"start":{"line":140,"column":2},"end":{"line":140,"column":2}}]},"20":{"line":140,"type":"binary-expr","locations":[{"start":{"line":140,"column":6},"end":{"line":140,"column":9}},{"start":{"line":140,"column":13},"end":{"line":140,"column":42}}]},"21":{"line":148,"type":"if","locations":[{"start":{"line":148,"column":6},"end":{"line":148,"column":6}},{"start":{"line":148,"column":6},"end":{"line":148,"column":6}}]},"22":{"line":148,"type":"binary-expr","locations":[{"start":{"line":148,"column":10},"end":{"line":148,"column":23}},{"start":{"line":148,"column":27},"end":{"line":148,"column":69}}]},"23":{"line":157,"type":"if","locations":[{"start":{"line":157,"column":2},"end":{"line":157,"column":2}},{"start":{"line":157,"column":2},"end":{"line":157,"column":2}}]},"24":{"line":172,"type":"if","locations":[{"start":{"line":172,"column":4},"end":{"line":172,"column":4}},{"start":{"line":172,"column":4},"end":{"line":172,"column":4}}]},"25":{"line":203,"type":"if","locations":[{"start":{"line":203,"column":4},"end":{"line":203,"column":4}},{"start":{"line":203,"column":4},"end":{"line":203,"column":4}}]},"26":{"line":207,"type":"if","locations":[{"start":{"line":207,"column":8},"end":{"line":207,"column":8}},{"start":{"line":207,"column":8},"end":{"line":207,"column":8}}]},"27":{"line":230,"type":"binary-expr","locations":[{"start":{"line":230,"column":14},"end":{"line":230,"column":23}},{"start":{"line":230,"column":27},"end":{"line":230,"column":28}}]},"28":{"line":231,"type":"cond-expr","locations":[{"start":{"line":231,"column":56},"end":{"line":231,"column":61}},{"start":{"line":231,"column":64},"end":{"line":231,"column":68}}]},"29":{"line":234,"type":"if","locations":[{"start":{"line":234,"column":4},"end":{"line":234,"column":4}},{"start":{"line":234,"column":4},"end":{"line":234,"column":4}}]},"30":{"line":234,"type":"binary-expr","locations":[{"start":{"line":234,"column":9},"end":{"line":234,"column":23}},{"start":{"line":234,"column":27},"end":{"line":234,"column":41}},{"start":{"line":234,"column":45},"end":{"line":234,"column":59}},{"start":{"line":234,"column":64},"end":{"line":234,"column":77}}]},"31":{"line":290,"type":"if","locations":[{"start":{"line":290,"column":2},"end":{"line":290,"column":2}},{"start":{"line":290,"column":2},"end":{"line":290,"column":2}}]},"32":{"line":293,"type":"if","locations":[{"start":{"line":293,"column":4},"end":{"line":293,"column":4}},{"start":{"line":293,"column":4},"end":{"line":293,"column":4}}]}},"code":["'use strict';","","var AdmZip = require('adm-zip');","var fs = require('fs');","var helper = require('./lib/chromedriver');","var http = require('http');","var https = require('https');","var kew = require('kew');","var mkdirp = require('mkdirp');","var path = require('path');","var rimraf = require('rimraf').sync;","var url = require('url');","var util = require('util');","","var libPath = path.join(__dirname, 'lib', 'chromedriver');","var cdnUrl = process.env.npm_config_chromedriver_cdnurl || process.env.CHROMEDRIVER_CDNURL || 'https://chromedriver.storage.googleapis.com';","var configuredfilePath = process.env.npm_config_chromedriver_filepath || process.env.CHROMEDRIVER_FILEPATH;","","// adapt http://chromedriver.storage.googleapis.com/","cdnUrl = cdnUrl.replace(/\\/+$/, '');","var downloadUrl = cdnUrl + '/%s/chromedriver_%s.zip';","var platform = process.platform;","","var chromedriver_version = process.env.npm_config_chromedriver_version || process.env.CHROMEDRIVER_VERSION || helper.version;","if (platform === 'linux') {","  if (process.arch === 'x64') {","    platform += '64';","  } else {","    platform += '32';","  }","} else if (platform === 'darwin') {","  if (process.arch === 'x64') {","    platform = 'mac64';","  } else {","    console.log('Only Mac 64 bits supported.');","    process.exit(1);","  }","} else if (platform === 'freebsd') {","  if (process.arch === 'x64') {","    platform = 'mac64';","  } else {","    platform = 'mac32';","  }","} else if (platform !== 'win32') {","  console.log('Unexpected platform or architecture:', process.platform, process.arch);","  process.exit(1);","}","","var tmpPath = findSuitableTempDirectory();","var downloadedFile = '';","var promise = kew.resolve(true);","","promise = promise.then(function () {","  if (chromedriver_version === 'LATEST')","    return getLatestVersion(getRequestOptions(cdnUrl + '/LATEST_RELEASE'));","});","","// Start the install.","promise = promise.then(function () {","  if (configuredfilePath) {","    console.log('Using file: ', configuredfilePath);","    downloadedFile = configuredfilePath;","  } else {","    downloadUrl = util.format(downloadUrl, chromedriver_version, platform);","    var fileName = downloadUrl.split('/').pop();","    downloadedFile = path.join(tmpPath, fileName);","    console.log('Downloading', downloadUrl);","    console.log('Saving to', downloadedFile);","    return requestBinary(getRequestOptions(downloadUrl), downloadedFile);","  }","});","","promise.then(function () {","  return extractDownload(downloadedFile, tmpPath);","})","  .then(function () {","    return copyIntoPlace(tmpPath, libPath);","  })","  .then(function () {","    return fixFilePermissions();","  })","  .then(function () {","    console.log('Done. ChromeDriver binary available at', helper.path);","  })","  .fail(function (err) {","    console.error('ChromeDriver installation failed', err);","    process.exit(1);","  });","","","function findSuitableTempDirectory() {","  var now = Date.now();","  var candidateTmpDirs = [","    process.env.TMPDIR || process.env.TMP || process.env.npm_config_tmp,","    '/tmp',","    path.join(process.cwd(), 'tmp')","  ];","","  for (var i = 0; i < candidateTmpDirs.length; i++) {","    if (!candidateTmpDirs[i]) continue;","    var candidatePath = path.join(candidateTmpDirs[i], 'chromedriver');","    try {","      mkdirp.sync(candidatePath, '0777');","      var testFile = path.join(candidatePath, now + '.tmp');","      fs.writeFileSync(testFile, 'test');","      fs.unlinkSync(testFile);","      return candidatePath;","    } catch (e) {","      console.log(candidatePath, 'is not writable:', e.message);","    }","  }","","  console.error('Can not find a writable tmp directory, please report issue on https://github.com/giggio/chromedriver/issues/ with as much information as possible.');","  process.exit(1);","}","","","function getRequestOptions(downloadPath) {","  var options = url.parse(downloadUrl);","  var proxyUrl = options.protocol === 'https:'","    ? process.env.npm_config_https_proxy","    : (process.env.npm_config_proxy || process.env.npm_config_http_proxy);","  if (proxyUrl) {","    options = url.parse(proxyUrl);","    options.path = downloadPath;","    options.headers = { Host: url.parse(downloadPath).host };","    // Turn basic authorization into proxy-authorization.","    if (options.auth) {","      options.headers['Proxy-Authorization'] = 'Basic ' + new Buffer(options.auth).toString('base64');","      delete options.auth;","    }","  } else {","    options = url.parse(downloadPath);","  }","","  options.rejectUnauthorized = !!process.env.npm_config_strict_ssl;","","  // Use certificate authority settings from npm","  var ca = process.env.npm_config_ca;","  if (!ca && process.env.npm_config_
[...]
ponse.headers));","    }","  });","  return deferred.promise;","}","","function requestBinary(requestOptions, filePath) {","  var deferred = kew.defer();","","  var count = 0;","  var notifiedCount = 0;","  var outFile = fs.openSync(filePath, 'w');","","  var client = get(requestOptions, function (response) {","    var status = response.statusCode;","    console.log('Receiving...');","","    if (status === 200) {","      response.addListener('data', function (data) {","        fs.writeSync(outFile, data, 0, data.length, null);","        count += data.length;","        if ((count - notifiedCount) > 800000) {","          console.log('Received ' + Math.floor(count / 1024) + 'K...');","          notifiedCount = count;","        }","      });","","      response.addListener('end', function () {","        console.log('Received ' + Math.floor(count / 1024) + 'K total.');","        fs.closeSync(outFile);","        deferred.resolve(true);","      });","","    } else {","      client.abort();","      deferred.reject('Error with http request: ' + util.inspect(response.headers));","    }","  });","","  return deferred.promise;","}","","","function get(requestOptions, callback, redirects) {","  redirects = redirects || 0;","  var protocol = requestOptions.protocol === 'https:' ? https : http;","  var client = protocol.get(requestOptions, function (response) {","    var status = response.statusCode;","    if ((status === 302 || status === 301 || status === 307) && redirects < 5) {","      console.log('Redirect to %s', response.headers.location);","      redirects++;","      return get(getRequestOptions(response.headers.location), callback, redirects);","    }","    callback(response);","  });","  return client;","}","","","function extractDownload(filePath, tmpPath) {","  var deferred = kew.defer();","","  console.log('Extracting zip contents');","  try {","    var zip = new AdmZip(filePath);","    zip.extractAllTo(tmpPath, true);","    deferred.resolve(true);","  } catch (err) {","    deferred.reject('Error extracting archive ' + err.stack);","  }","  return deferred.promise;","}","","","function copyIntoPlace(tmpPath, targetPath) {","  rimraf(targetPath);","  console.log(\"Copying to target path\", targetPath);","  fs.mkdirSync(targetPath);","","  // Look for the extracted directory, so we can rename it.","  var files = fs.readdirSync(tmpPath);","  var promises = files.map(function (name) {","    var deferred = kew.defer();","","    var file = path.join(tmpPath, name);","    var reader = fs.createReadStream(file);","","    var targetFile = path.join(targetPath, name);","    var writer = fs.createWriteStream(targetFile);","    writer.on(\"close\", function () {","      deferred.resolve(true);","    });","","    reader.pipe(writer);","    return deferred.promise;","  });","","  return kew.all(promises);","}","","","","function fixFilePermissions() {","  // Check that the binary is user-executable and fix it if it isn't (problems with unzip library)","  if (process.platform != 'win32') {","    var stat = fs.statSync(helper.path);","    // 64 == 0100 (no octal literal in strict mode)","    if (!(stat.mode & 64)) {","      console.log('Fixing file permissions');","      fs.chmodSync(helper.path, '755');","    }","  }","}",""],"l":{"3":1,"4":1,"5":1,"6":1,"7":1,"8":1,"9":1,"10":1,"11":1,"12":1,"13":1,"15":1,"16":1,"17":1,"20":1,"21":1,"22":1,"24":1,"25":1,"26":1,"27":1,"29":0,"31":0,"32":0,"33":0,"35":0,"36":0,"38":0,"39":0,"40":0,"42":0,"44":0,"45":0,"46":0,"49":1,"50":1,"51":1,"53":1,"54":1,"55":0,"59":1,"60":1,"61":0,"62":0,"64":1,"65":1,"66":1,"67":1,"68":1,"69":1,"73":1,"74":1,"77":1,"80":1,"83":1,"86":0,"87":0,"91":1,"92":1,"93":1,"99":1,"100":1,"101":1,"102":1,"103":1,"104":1,"105":1,"106":1,"107":1,"109":0,"113":0,"114":0,"118":1,"119":1,"120":1,"123":1,"124":0,"125":0,"126":0,"128":0,"129":0,"130":0,"133":1,"136":1,"139":1,"140":1,"141":0,"142":0,"148":0,"149":0,"153":0,"157":1,"158":0,"159":0,"162":0,"165":1,"168":1,"169":0,"170":0,"171":0,"172":0,"173":0,"174":0,"176":0,"177":0,"178":0,"180":0,"182":0,"185":0,"186":0,"189":0,"192":1,"193":1,"195":1,"196":1,"197":1,"199":1,"200":1,"201":1,"203":1,"204":1,"205":913,"206":913,"207":913,"208":4,"209":4,"213":1,"214":1,"215":1,"216":1,"220":0,"221":0,"225":1,"229":1,"230":1,"231":1,"232":1,"233":1,"234":1,"235":0,"236":0,"237":0,"239":1,"241":1,"245":1,"246":1,"248":1,"249":1,"250":1,"251":1,"252":1,"254":0,"256":1,"260":1,"261":1,"262":1,"263":1,"266":1,"267":1,"268":2,"270":2,"271":2,"273":2,"274":2,"275":2,"276":2,"279":2,"280":2,"283":1,"288":1,"290":1,"291":1,"293":1,"294":1,"295":1}},"/home/travis/build/npmtest/node-npmtest-chromedriver/node_modules/chromedriver/testInstall.js":{"path":"/home/travis/build/npmtest/node-npmtest-chromedriver/node_modules/chromedriver/testInstall.js","s":{"1":1,"2":1,"3":1,"4":1,"5":1,"6":1,"7":1,"8":1,"9":1,"10":0,"11":1,"12":1,"13":3,"14":3,"15":3,"16":0,"17":1,"18":106,"19":0,"20":106,"21":537,"22":537,"23":105,"24":432,"25":106,"26":1,"27":1,"28":0,"29":0,"30":1,"31":1,"32":9,"33":9,"34":9,"35":0,"36":9,"37":9,"38":9,"39":0,"40":9,"41":2,"42":2,"43":9,"44":9,"45":0,"46":1,"47":3,"48":0,"49":3,"50":3,"51":60,"52":60,"53":57,"54":3,"55":57,"56":10,"57":10,"58":3,"59":0,"60":0,"61":3,"62":3,"63":3,"64":0,"65":3,"66":1,"67":0,"68":0,"69":1,"70":3,"71":3,"72":3,"73":3,"74":3,"75":0,"76":0,"77":3,"78":3,"79":3,"80":3,"81":0,"82":0,"83":1,"84":1,"85":0},"b":{"1":[0,106],"2":[105,432],"3":[0,1],"4":[9,0],"5":[9,0],"6":[9,0],"7":[9,0],"8":[2,7],"9":[9,7],"10":[9,0],"11":[0,3],"12":[0,10],"13":[0,3],"14":[0,3],"15":[0,3],"16":[0,3],"17":[3,0]},"f":{"1":1,"2":3,"3":106,"4":9,"5":3,"6":0},"fnMap":{"1":{"name":"directoryExists","line":13,"loc":{"start":{"line":13,"column":0},"end":{"line":13,"column":31}}},"2":{"name":"fileExists","line":22,"loc":{"start":{"line":22,"column":0},"end":{"line":22,"column":26}}},"3":{"name":"removeFolder","line":31,"loc":{"start":{"line":31,"column":0},"end":{"line":31,"column":27}}},"4":{"name":"checkSpawn","line":50,"loc":{"start":{"line":50,"column":0},"end":{"line":50,"column":31}}},"5":{"name":"nvmUse","line":73,"loc":{"start":{"line":73,"column":0},"end":{"line":73,"column":25}}},"6":{"name":"sleep","line":92,"loc":{"start":{"line":92,"column":0},"end":{"line":92,"column":29}}}},"statementMap":{"1":{"start":{"line":5,"column":0},"end":{"line":5,"column":25}},"2":{"start":{"line":6,"column":0},"end":{"line":6,"column":29}},"3":{"start":{"line":7,"column":0},"end":{"line":7,"column":25}},"4":{"start":{"line":8,"column":0},"end":{"line":8,"column":53}},"5":{"start":{"line":10,"column":0},"end":{"line":10,"column":36}},"6":{"start":{"line":11,"column":0},"end":{"line":11,"column":27}},"7":{"start":{"line":13,"column":0},"end":{"line":20,"column":1}},"8":{"start":{"line":14,"column":4},"end":{"line":19,"column":5}},"9":{"start":{"line":15,"column":8},"end":{"line":15,"column":38}},"10":{"start":{"line":16,"column":8},"end":{"line":16,"column":34}},"11":{"start":{"line":18,"column":8},"end":{"line":18,"column":21}},"12":{"start":{"line":22,"column":0},"end":{"line":29,"column":1}},"13":{"start":{"line":23,"column":4},"end":{"line":28,"column":5}},"14":{"start":{"line":24,"column":8},"end":{"line":24,"column":38}},"15":{"start":{"line":25,"column":8},"end":{"line":25,"column":29}},"16":{"start":{"line":27,"column":8},"end":{"line":27,"column":21}},"17":{"start":{"line":31,"column":0},"end":{"line":41,"column":1}},"18":{"start":{"line":32,"column":4},"end":{"line":32,"column":36}},"19":{"start":{"line":32,"column":29},"end":{"line":32,"column":36}},"20":{"start":{"line":33,"column":4},"end":{"line":39,"column":7}},"21":{"start":{"line":34,"column":8},"end":{"line":34,"column":44}},"22":{"start":{"line":35,"column":8},"end":{"line":38,"column":35}},"23":{"start":{"line":36,"column":12},"end":{"line":36,"column":34}},"24":{"start":{"line":38,"column":12},"end":{"line":38,"column":35}},"25":{"start":{"line":40,"column":4},"end":{"line":40,"column":22}},"26":{"start":{"line":43,"column":0},"end":{"line":43,"column":64}},"27":{"start":{"line":44,"column":0},"end":{"line":47,"column":1}},"28":{"start":{"line":45,"column":4},"end":{"line":45,"column":60}},"29":{"start":{"line":46,"column":4},"end":{"line":46,"column":34}},"30":{"start":{"line":48,"column":0},"end":{"line":48,"column":30}},"31":{"start":{"line":50,"column":0},"end":{"line":71,"column":1}},"32":{"start":{"line":51,"column":4},"end":{"line":56,"column":5}},"33":{"start":{"line":52,"column":8},"end":{"line":55,"column":42}},"34":{"start":{"line":53,"column":12},"end":{"line":53,"column":59}},"35":{"start":{"line":55,"column":12},"end":{"line":55,"column":42}},"36":{"start":{"line":57,"column":4},"end":{"line":62,"column":5}},"37":{"start":{"line":58,"column":8},"end":{"line":61,"column":44}},"38":{"start":{"line":59,"column":12},"end":{"line":59,"column":61}},"39":{"start":{"line":61,"column":12},"end":{"line":61,"column":44}},"40":{"start":{"line":63,"column":4},"end":{"line":66,"column":5}},"41":{"start":{"line":64,"column":8},"end":{"line":64,"column":47}},"42":{"start":{"line":65,"column":8},"end":{"line":65,"column":24}},"43":{"start":{"line":67,"column":4},"end":{"line":70,"column":32}},"44":{"start":{"line":68,"column":8},"end":{"line":68,"column":49}},"45":{"start":{"line":70,"column":8},"end":{"line":70,"column":32}},"46":{"start":{"line":73,"column":0},"end":{"line":90,"column":1}},"47":{"start":{"line":74,"column":4},"end":{"line":77,"column":110}},"48":{"start":{"line":75,"column":8},"end":{"line":75,"column":66}},"49":{"start":{"line":77,"column":8},"end":{"line":77,"column":110}},"50":{"start":{"line":78,"column":4},"end":{"line":78,"column":120}},"51":{"start":{"line":78,"column":64},"end":{"line":78,"column":88}},"52":{"start":{"line":78,"column":102},"end":{"line":78,"column":103}},"53":{"start":{"line":78,"column":114},"end":{"line":78,"column":118}},"54":{"start":{"line":79,"column":4},"end":{"line":79,"column":173}},"55":{"start":{"line":79,"column":53},"end":{"line":79,"column":77}},"56":{"start":{"line":79,"column":88},"end":{"line":79,"column":114}},"57":{"start":{"line":79,"column":136},"end":{"line":79,"column":159}},"58":{"start":{"line":80,"column":4},"end":{"line":83,"column":5}},"59":{"start":{"line":81,"column":8},"end":{"line":81,"column":57}},"60":{"start":{"line":82,"column":8},"end":{"line":82,"column":24}},"61":{"start":{"line":84,"column":4},"end":{"line":84,"column":52}},"62":{"start":{"line":85,"column":4},"end":{"line":85,"column":62}},"63":{"start":{"line":86,"column":4},"end":{"line":89,"column":116}},"64":{"start":{"line":87,"column":8},"end":{"line":87,"column":70}},"65":{"start":{"line":89,"column":8},"end":{"line":89,"column":116}},"66":{"start":{"line":92,"column":0},"end":{"line":95,"column":1}},"67":{"start":{"line":93,"column":4},"end":{"line":93,"column":69}},"68":{"start":{"line":94,"column":4},"end":{"line":94,"column":47}},"69":{"start":{"line":97,"column":0},"end":{"line":117,"column":1}},"70":{"start":{"line":98,"column":4},"end":{"line":98,"column":49}},"71":{"start":{"line":99,"column":4},"end":{"line":99,"column":87}},"72":{"start":{"line":100,"column":4},"end":{"line":100,"column":44}},"73":{"start":{"line":101,"column":4},"end":{"line":101,"column":20}},"74":{"start":{"line":102,"column":4},"end":{"line":108,"column":5}},"75":{"start":{"line":103,"column":8},"end":{"line":103,"column":20}},"76":{"start":{"line":104,"column":8},"end":{"line":104,"column":107}},"77":{"start":{"line":107,"column":8},"end":{"line":107,"column":96}},"78":{"start":{"line":109,"column":4},"end":{"line":109,"column":174}},"79":{"start":{"line":110,"column":4},"end":{"line":116,"column":5}},"80":{"start":{"line":111,"column":8},"end":{"line":111,"column":58}},"81":{"start":{"line":114,"column":8},"end":{"line":114,"column":107}},"82":{"start":{"line":115,"column":8},"end":{"line":115,"column":24}},"83":{"start":{"line":119,"column":0},"end":{"line":123,"column":1}},"84":{"start":{"line":120,"column":4},"end":{"line":120,"column":34}},"85":{"start":{"line":122,"column":4},"end":{"line":122,"column":67}}},"branchMap":{"1":{"line":32,"type":"if","locations":[{"start":{"line":32,"column":4},"end":{"line":32,"column":4}},{"start":{"line":32,"column":4},"end":{"line":32,"column":4}}]},"2":{"line":35,"type":"if","locations":[{"start":{"line":35,"column":8},"end":{"line":35,"column":8}},{"start":{"line":35,"column":8},"end":{"line":35,"column":8}}]},"3":{"line":44,"type":"if","locations":[{"start":{"line":44,"column":0},"end":{"line":44,"column":0}},{"start":{"line":44,"column":0},"end":{"line":44,"column":0}}]},"4":{"line":51,"type":"if","locations":[{"start":{"line":51,"column":4},"end":{"line":51,"column":4}},{"start":{"line":51,"column":4},"end":{"line":51,"column":4}}]},"5":{"line":52,"type":"if","locations":[{"start":{"line":52,"column":8},"end":{"line":52,"column":8}},{"start":{"line":52,"column":8},"end":{"line":52,"column":8}}]},"6":{"line":57,"type":"if","locations":[{"start":{"line":57,"column":4},"end":{"line":57,"column":4}},{"start":{"line":57,"column":4},"end":{"line":57,"column":4}}]},"7":{"line":58,"type":"if","locations":[{"start":{"line":58,"column":8},"end":{"line":58,"column":8}},{"start":{"line":58,"column":8},"end":{"line":58,"column":8}}]},"8":{"line":63,"type":"if","locations":[{"start":{"line":63,"column":4},"end":{"line":63,"column":4}},{"start":{"line":63,"column":4},"end":{"line":63,"column":4}}]},"9":{"line":63,"type":"binary-expr","locations":[{"start":{"line":63,"column":8},"end":{"line":63,"column":30}},{"start":{"line":63,"column":34},"end":{"line":63,"column":49}}]},"10":{"line":67,"type":"if","locations":[{"start":{"line":67,"column":4},"end":{"line":67,"column":4}},{"start":{"line":67,"column":4},"end":{"line":67,"column":4}}]},"11":{"line":74,"type":"if","locations":[{"start":{"line":74,"column":4},"end":{"line":74,"column":4}},{"start":{"line":74,"column":4},"end":{"line":74,"column":4}}]},"12":{"line":79,"type":"cond-expr","locations":[{"start":{"line":79,"column":152},"end":{"line":79,"column":155}},{"start":{"line":79,"column":158},"end":{"line":79,"column":159}}]},"13":{"line":80,"type":"if","locations":[{"start":{"line":80,"column":4},"end":{"line":80,"column":4}},{"start":{"line":80,"column":4},"end":{"line":80,"column":4}}]},"14":{"line":86,"type":"if","locations":[{"start":{"line":86,"column":4},"end":{"line":86,"column":4}},{"start":{"line":86,"column":4},"end":{"line":86,"column":4}}]},"15":{"line":102,"type":"if","locations":[{"start":{"line":102,"column":4},"end":{"line":102,"column":4}},{"start":{"line":102,"column":4},"end":{"line":102,"column":4}}]},"16":{"line":109,"type":"cond-expr","locations":[{"start":{"line":109,"column":159},"end":{"line":109,"column":165}},{"start":{"line":109,"column":168},"end":{"line":109,"column":170}}]},"17":{"line":110,"type":"if","locations":[{"start":{"line":110,"column":4},"end":{"line":110,"column":4}},{"start":{"line":110,"column":4},"end":{"line":110,"column":4}}]}},"code":["//#!/usr/bin/env node","","\"use strict\";","","const os = require('os');","const path = require('path');","const fs = require('fs');","const spawnSync = require('child_process').spawnSync;","","const versions = ['0.12', '4', '6'];","const tmpdir = os.tmpdir();","","function directoryExists(file) {","    try {","        var stat = fs.lstatSync(file);","        return stat.isDirectory();","    } catch (err) {","        return false;","    }","}","","function fileExists(file) {","    try {","        var stat = fs.lstatSync(file);","        return stat.isFile();","    } catch (err) {","        return false;","    }","}","","function removeFolder(dir) {","    if (!fs.existsSync(dir)) return;","    fs.readdirSync(dir).forEach((file) => {","        let curPath = dir + path.sep + file;","        if (fs.lstatSync(curPath).isDirectory())","            removeFolder(curPath);","        else","            fs.unlinkSync(curPath);","    });","    fs.rmdirSync(dir);","}","","let tempInstallPath = path.resolve(tmpdir, 'chromedriver-test');","if (directoryExists(tempInstallPath)) {","    console.log(`Deleting directory '${tempInstallPath}'.`);","    removeFolder(tempInstallPath);","}","fs.mkdirSync(tempInstallPath);","","function checkSpawn(spawnInfo) {","    if (spawnInfo.stdout) {","        if (typeof (spawnInfo.stdout) !== 'string')","            console.log(spawnInfo.stdout.toString('utf8'));","        else","            console.log(spawnInfo.stdout);","    }","    if (spawnInfo.stderr) {","        if (typeof (spawnInfo.error) !== 'string')","            console.error(spawnInfo.stderr.toString('utf8'));","        else","            console.error(spawnInfo.stderr);","    }","    if (spawnInfo.status !== 0 || spawnInfo.error) {","        console.error('Failed when spawning.');","        process.exit(1);","    }","    if (typeof (spawnInfo.stdout) !== 'string')","        return spawnInfo.stdout.toString('utf8');","    else","        return spawnInfo.stdout;","}","","function nvmUse(version) {","    if (os.platform() === 'win32')","        var versionsText = checkSpawn(spawnSync('nvm', ['list']));","    else","        var versionsText = checkSpawn(spawnSync('/bin/bash', ['-c', 'source $HOME/.nvm/nvm.sh && nvm list']));","    const versionsAvailable = versionsText.split('\\n').map(v => v.match(/\\d+\\.\\d+\\.\\d+/)).filter(v => v).map(v => v[0]);","    var largestMatch = versionsAvailable.filter(v => v.match(`^${version}\\.`)).map(v => v.match(/\\d+\\.(\\d+)\\.\\d+/)).reduce(((max, v) => max[1] > v[1] ? max : v), [null, 0]);","    if (largestMatch.length === 0) {","        console.error(`Version '${version}' not found.`);","        process.exit(3);","    }","    var largestMatchingVersion = largestMatch.input;","    console.log(`Found version '${largestMatchingVersion}'.`);","    if (os.platform() === 'win32')","        checkSpawn(spawnSync('nvm', ['use', largestMatchingVersion]));","    else","        checkSpawn(spawnSync('/bin/bash', ['-c', `source $HOME/.nvm/nvm.sh && nvm use ${largestMatchingVersion}`]));","}","","function sleep(milliseconds) {","    const inAFewMilliseconds = new Date(new Date().getTime() + 2000);","    while (inAFewMilliseconds > new Date()) { }","}","","for (let version of versions) {","    console.log(`Testing version ${version}...`);","    let tempInstallPathForVersion = path.resolve(tmpdir, 'chromedriver-test', version);","    fs.mkdirSync(tempInstallPathForVersion);","    nvmUse(version);","    if (os.platform() === 'win32') {","        sleep(2000); // wait 2 seconds until everything is in place","        checkSpawn(spawnSync('cmd.exe', ['/c', `npm i ${__dirname}`], { cwd: tempInstallPathForVersion }));","","    } else {","        checkSpawn(spawnSync('npm', ['i', `${__dirname}`], { cwd: tempInstallPathForVersion }));","    }","    let executable = path.resolve(tempInstallPathForVersion, 'node_modules', 'chromedriver', 'lib', 'chromedriver', `chromedriver${os.platform() === 'win32' ? '.exe' : ''}`);","    if (fileExists(executable)) {","        console.log(`Version ${version} installed fine.`);","    }","    else {","        console.error(`Version ${version} did not install correctly, file '${executable}' was not found.`);","        process.exit(2);","    }","}","","try {","    removeFolder(tempInstallPath);","} catch (err) {","    console.error(`Could not delete folder '${tempInstallPath}'.`);","}"],"l":{"5":1,"6":1,"7":1,"8":1,"10":1,"11":1,"13":1,"14":1,"15":1,"16":0,"18":1,"22":1,"23":3,"24":3,"25":3,"27":0,"31":1,"32":106,"33":106,"34":537,"35":537,"36":105,"38":432,"40":106,"43":1,"44":1,"45":0,"46":0,"48":1,"50":1,"51":9,"52":9,"53":9,"55":0,"57":9,"58":9,"59":9,"61":0,"63":9,"64":2,"65":2,"67":9,"68":9,"70":0,"73":1,"74":3,"75":0,"77":3,"78":60,"79":57,"80":3,"81":0,"82":0,"84":3,"85":3,"86":3,"87":0,"89":3,"92":1,"93":0,"94":0,"97":1,"98":3,"99":3,"100":3,"101":3,"102":3,"103":0,"104":0,"107":3,"109":3,"110":3,"111":3,"114":0,"115":0,"119":1,"120":1,"122":0}}}